#
# There is insufficient memory for the Java Runtime Environment to continue.
# Native memory allocation (mmap) failed to map 357564416 bytes for Failed to commit area from 0x0000000095a00000 to 0x00000000aaf00000 of length 357564416.
# Possible reasons:
#   The system is out of physical RAM or swap space
#   The process is running with CompressedOops enabled, and the Java Heap may be blocking the growth of the native heap
# Possible solutions:
#   Reduce memory load on the system
#   Increase physical memory or swap space
#   Check if swap backing store is full
#   Decrease Java heap size (-Xmx/-Xms)
#   Decrease number of Java threads
#   Decrease Java thread stack sizes (-Xss)
#   Set larger code cache with -XX:ReservedCodeCacheSize=
#   JVM is running with Unscaled Compressed Oops mode in which the Java heap is
#     placed in the first 4GB address space. The Java Heap base address is the
#     maximum limit for the native heap growth. Please use -XX:HeapBaseMinAddress
#     to set the Java Heap base and to place the Java Heap above 4GB virtual address.
# This output file may be truncated or incomplete.
#
#  Out of Memory Error (./src/hotspot/os/windows/os_windows.cpp:3303), pid=5224, tid=10020
#
# JRE version: OpenJDK Runtime Environment (11.0.8+10) (build 11.0.8+10-b944.6842174)
# Java VM: OpenJDK 64-Bit Server VM (11.0.8+10-b944.6842174, mixed mode, tiered, compressed oops, g1 gc, windows-amd64)
# No core dump will be written. Minidumps are not enabled by default on client versions of Windows
#

---------------  S U M M A R Y ------------

Command Line: --add-opens=java.base/java.util=ALL-UNNAMED --add-opens=java.base/java.lang=ALL-UNNAMED --add-opens=java.base/java.lang.invoke=ALL-UNNAMED --add-opens=java.prefs/java.util.prefs=ALL-UNNAMED -Xmx2048m -Dfile.encoding=windows-1252 -Duser.country=US -Duser.language=en -Duser.variant org.gradle.launcher.daemon.bootstrap.GradleDaemon 6.1.1

Host: Intel(R) Core(TM) i5-2520M CPU @ 2.50GHz, 4 cores, 7G,  Windows 10 , 64 bit Build 18362 (10.0.18362.1110)
Time: Mon Nov  9 19:04:34 2020 W. Central Africa Standard Time elapsed time: 17664 seconds (0d 4h 54m 24s)

---------------  T H R E A D  ---------------

Current thread (0x0000024fe6504800):  VMThread "VM Thread" [stack: 0x00000098aea00000,0x00000098aeb00000] [id=10020]

Stack: [0x00000098aea00000,0x00000098aeb00000]
[error occurred during error reporting (printing stack bounds), id 0xc0000005, EXCEPTION_ACCESS_VIOLATION (0xc0000005) at pc=0x0000024fd0410dad]

Native frames: (J=compiled Java code, j=interpreted, Vv=VM code, C=native code)
V  [jvm.dll+0x5de50a]
V  [jvm.dll+0x7122f5]
V  [jvm.dll+0x71384d]
V  [jvm.dll+0x713e65]
V  [jvm.dll+0x713e1b]
V  [jvm.dll+0x5dd958]
V  [jvm.dll+0x5de0f8]
C  [ntdll.dll+0xa121f]
C  [ntdll.dll+0x6a259]
C  [ntdll.dll+0x9fe8e]
C  0x0000024fd0410dad

VM_Operation (0x00000098b15fd770): G1CollectForAllocation, mode: safepoint, requested by thread 0x0000024feec8b800


---------------  P R O C E S S  ---------------

Threads class SMR info:
_java_thread_list=0x0000024feeeb2ec0, length=61, elements={
0x0000024fccc0f800, 0x0000024fe6508800, 0x0000024fe650a000, 0x0000024fe6e87000,
0x0000024fe6e89000, 0x0000024fe6e8b800, 0x0000024fe6e92000, 0x0000024fe6532800,
0x0000024fe6fd9000, 0x0000024fe7004000, 0x0000024fe82d8000, 0x0000024fe8f1f800,
0x0000024fe8e11800, 0x0000024fe8cc1000, 0x0000024fe8cbf000, 0x0000024fe8cbb000,
0x0000024fe8cbc000, 0x0000024fe9572000, 0x0000024fe956f000, 0x0000024fed8fb000,
0x0000024feec8f000, 0x0000024feec90000, 0x0000024feec8a000, 0x0000024fed8f4800,
0x0000024fed8ee800, 0x0000024fed8ef800, 0x0000024fed8f5000, 0x0000024fed8f0800,
0x0000024fed8f6000, 0x0000024fed8f1000, 0x0000024fed8f3800, 0x0000024fed8f7800,
0x0000024fed8f2000, 0x0000024fed8fc800, 0x0000024fed8fb800, 0x0000024fed8f8800,
0x0000024fed8fa000, 0x0000024fed8fd800, 0x0000024feec8c800, 0x0000024feec89800,
0x0000024feec90800, 0x0000024feec8b000, 0x0000024feec91800, 0x0000024feec8b800,
0x0000024feec96800, 0x0000024feec98000, 0x0000024feec97000, 0x0000024feec95800,
0x0000024fe956e000, 0x0000024fe956d000, 0x0000024fe9573800, 0x0000024fe9571800,
0x0000024fe9570800, 0x0000024fe956f800, 0x0000024fed8f3000, 0x0000024fe9573000,
0x0000024ff96f3000, 0x0000024ff96f4800, 0x0000024ff96f0800, 0x0000024ff96f1000,
0x0000024ff96f2000
}

Java Threads: ( => current thread )
  0x0000024fccc0f800 JavaThread "main" [_thread_blocked, id=7100, stack(0x00000098ae400000,0x00000098ae500000)]
  0x0000024fe6508800 JavaThread "Reference Handler" daemon [_thread_blocked, id=8288, stack(0x00000098aeb00000,0x00000098aec00000)]
  0x0000024fe650a000 JavaThread "Finalizer" daemon [_thread_blocked, id=8984, stack(0x00000098aec00000,0x00000098aed00000)]
  0x0000024fe6e87000 JavaThread "Signal Dispatcher" daemon [_thread_blocked, id=11004, stack(0x00000098aed00000,0x00000098aee00000)]
  0x0000024fe6e89000 JavaThread "Attach Listener" daemon [_thread_blocked, id=10456, stack(0x00000098aee00000,0x00000098aef00000)]
  0x0000024fe6e8b800 JavaThread "C2 CompilerThread0" daemon [_thread_blocked, id=7224, stack(0x00000098aef00000,0x00000098af000000)]
  0x0000024fe6e92000 JavaThread "C1 CompilerThread0" daemon [_thread_blocked, id=984, stack(0x00000098af000000,0x00000098af100000)]
  0x0000024fe6532800 JavaThread "Sweeper thread" daemon [_thread_blocked, id=8740, stack(0x00000098af100000,0x00000098af200000)]
  0x0000024fe6fd9000 JavaThread "Common-Cleaner" daemon [_thread_blocked, id=10808, stack(0x00000098af200000,0x00000098af300000)]
  0x0000024fe7004000 JavaThread "Service Thread" daemon [_thread_blocked, id=7608, stack(0x00000098af300000,0x00000098af400000)]
  0x0000024fe82d8000 JavaThread "Daemon health stats" [_thread_blocked, id=5216, stack(0x00000098af700000,0x00000098af800000)]
  0x0000024fe8f1f800 JavaThread "Incoming local TCP Connector on port 52788" [_thread_in_native, id=10440, stack(0x00000098af800000,0x00000098af900000)]
  0x0000024fe8e11800 JavaThread "Daemon periodic checks" [_thread_blocked, id=7320, stack(0x00000098af900000,0x00000098afa00000)]
  0x0000024fe8cc1000 JavaThread "Cache worker for journal cache (C:\Users\user\.gradle\caches\journal-1)" [_thread_blocked, id=13628, stack(0x00000098b0200000,0x00000098b0300000)]
  0x0000024fe8cbf000 JavaThread "File lock request listener" [_thread_in_native, id=284, stack(0x00000098b0300000,0x00000098b0400000)]
  0x0000024fe8cbb000 JavaThread "Cache worker for file hash cache (C:\Users\user\.gradle\caches\6.1.1\fileHashes)" [_thread_blocked, id=1712, stack(0x00000098b0400000,0x00000098b0500000)]
  0x0000024fe8cbc000 JavaThread "Cache worker for execution history cache (C:\Users\user\.gradle\caches\6.1.1\executionHistory)" [_thread_blocked, id=15384, stack(0x00000098b0900000,0x00000098b0a00000)]
  0x0000024fe9572000 JavaThread "Memory manager" [_thread_blocked, id=3920, stack(0x00000098b1200000,0x00000098b1300000)]
  0x0000024fe956f000 JavaThread "Cache worker for file content cache (C:\Users\user\.gradle\caches\6.1.1\fileContent)" [_thread_blocked, id=3944, stack(0x00000098b1300000,0x00000098b1400000)]
  0x0000024fed8fb000 JavaThread "RMI Scheduler(0)" daemon [_thread_blocked, id=11208, stack(0x00000098b2400000,0x00000098b2500000)]
  0x0000024feec8f000 JavaThread "RMI TCP Accept-0" daemon [_thread_in_native, id=6708, stack(0x00000098b2800000,0x00000098b2900000)]
  0x0000024feec90000 JavaThread "Cache worker for Java compile cache (C:\Users\user\.gradle\caches\6.1.1\javaCompile)" [_thread_blocked, id=4328, stack(0x00000098b2500000,0x00000098b2600000)]
  0x0000024feec8a000 JavaThread "ForkJoinPool.commonPool-worker-1" daemon [_thread_blocked, id=11256, stack(0x00000098b1d00000,0x00000098b1e00000)]
  0x0000024fed8f4800 JavaThread "Daemon Thread 20" [_thread_blocked, id=14520, stack(0x00000098afa00000,0x00000098afb00000)]
  0x0000024fed8ee800 JavaThread "Handler for socket connection from /127.0.0.1:52788 to /127.0.0.1:57348" [_thread_in_native, id=14768, stack(0x00000098afb00000,0x00000098afc00000)]
  0x0000024fed8ef800 JavaThread "Cancel handler" [_thread_blocked, id=1148, stack(0x00000098afc00000,0x00000098afd00000)]
  0x0000024fed8f5000 JavaThread "Daemon worker Thread 20" [_thread_blocked, id=10104, stack(0x00000098afd00000,0x00000098afe00000)]
  0x0000024fed8f0800 JavaThread "Asynchronous log dispatcher for DefaultDaemonConnection: socket connection from /127.0.0.1:52788 to /127.0.0.1:57348" [_thread_blocked, id=12168, stack(0x00000098afe00000,0x00000098aff00000)]
  0x0000024fed8f6000 JavaThread "Thread-617" [_thread_blocked, id=8136, stack(0x00000098b0000000,0x00000098b0100000)]
  0x0000024fed8f1000 JavaThread "Cache worker for checksums cache (C:\Users\user\AndroidStudioProjects\SocialDistance\.gradle\checksums)" [_thread_blocked, id=7184, stack(0x00000098b0500000,0x00000098b0600000)]
  0x0000024fed8f3800 JavaThread "Cache worker for file hash cache (C:\Users\user\AndroidStudioProjects\SocialDistance\.gradle\6.1.1\fileHashes)" [_thread_blocked, id=13456, stack(0x00000098b0600000,0x00000098b0700000)]
  0x0000024fed8f7800 JavaThread "Cache worker for cache directory md-supplier (C:\Users\user\.gradle\caches\6.1.1\md-supplier)" [_thread_blocked, id=14944, stack(0x00000098b0700000,0x00000098b0800000)]
  0x0000024fed8f2000 JavaThread "Cache worker for cache directory md-rule (C:\Users\user\.gradle\caches\6.1.1\md-rule)" [_thread_blocked, id=10536, stack(0x00000098b0800000,0x00000098b0900000)]
  0x0000024fed8fc800 JavaThread "Build operations" [_thread_blocked, id=5296, stack(0x00000098b0b00000,0x00000098b0c00000)]
  0x0000024fed8fb800 JavaThread "Build operations Thread 2" [_thread_blocked, id=5244, stack(0x00000098b0c00000,0x00000098b0d00000)]
  0x0000024fed8f8800 JavaThread "Build operations Thread 3" [_thread_blocked, id=13152, stack(0x00000098b0d00000,0x00000098b0e00000)]
  0x0000024fed8fa000 JavaThread "Build operations Thread 4" [_thread_blocked, id=14876, stack(0x00000098b0e00000,0x00000098b0f00000)]
  0x0000024fed8fd800 JavaThread "Cache worker for Build Output Cleanup Cache (C:\Users\user\AndroidStudioProjects\SocialDistance\.gradle\buildOutputCleanup)" [_thread_blocked, id=15492, stack(0x00000098b0a00000,0x00000098b0b00000)]
  0x0000024feec8c800 JavaThread "Cache worker for file content cache (C:\Users\user\AndroidStudioProjects\SocialDistance\.gradle\6.1.1\fileContent)" [_thread_blocked, id=6276, stack(0x00000098b1000000,0x00000098b1100000)]
  0x0000024feec89800 JavaThread "Execution worker for ':'" [_thread_blocked, id=6948, stack(0x00000098b1600000,0x00000098b1700000)]
  0x0000024feec90800 JavaThread "Execution worker for ':' Thread 2" [_thread_blocked, id=16304, stack(0x00000098b1700000,0x00000098b1800000)]
  0x0000024feec8b000 JavaThread "Execution worker for ':' Thread 3" [_thread_blocked, id=1960, stack(0x00000098b1800000,0x00000098b1900000)]
  0x0000024feec91800 JavaThread "Cache worker for execution history cache (C:\Users\user\AndroidStudioProjects\SocialDistance\.gradle\6.1.1\executionHistory)" [_thread_blocked, id=14228, stack(0x00000098aff00000,0x00000098b0000000)]
  0x0000024feec8b800 JavaThread "WorkerExecutor Queue" [_thread_blocked, id=8320, stack(0x00000098b1500000,0x00000098b1600000)]
  0x0000024feec96800 JavaThread "pool-69-thread-1" [_thread_blocked, id=10532, stack(0x00000098b1900000,0x00000098b1a00000)]
  0x0000024feec98000 JavaThread "stderr" [_thread_in_native, id=8936, stack(0x00000098b1a00000,0x00000098b1b00000)]
  0x0000024feec97000 JavaThread "stdout" [_thread_in_native, id=11548, stack(0x00000098b1b00000,0x00000098b1c00000)]
  0x0000024feec95800 JavaThread "RMI GC Daemon" daemon [_thread_blocked, id=10940, stack(0x00000098b1f00000,0x00000098b2000000)]
  0x0000024fe956e000 JavaThread "RMI Reaper" [_thread_blocked, id=8064, stack(0x00000098b2000000,0x00000098b2100000)]
  0x0000024fe956d000 JavaThread "RMI TCP Connection(idle)" daemon [_thread_blocked, id=15888, stack(0x00000098b2100000,0x00000098b2200000)]
  0x0000024fe9573800 JavaThread "Cache worker for Java compile cache (C:\Users\user\AndroidStudioProjects\SocialDistance\.gradle\6.1.1\javaCompile)" [_thread_blocked, id=12352, stack(0x00000098b2300000,0x00000098b2400000)]
  0x0000024fe9571800 JavaThread "WorkerExecutor Queue Thread 3" [_thread_blocked, id=2360, stack(0x00000098b1e00000,0x00000098b1f00000)]
  0x0000024fe9570800 JavaThread "WorkerExecutor Queue Thread 4" [_thread_blocked, id=8764, stack(0x00000098b2200000,0x00000098b2300000)]
  0x0000024fe956f800 JavaThread "ForkJoinPool.commonPool-worker-5" daemon [_thread_blocked, id=16196, stack(0x00000098b2600000,0x00000098b2700000)]
  0x0000024fed8f3000 JavaThread "ForkJoinPool.commonPool-worker-7" daemon [_thread_blocked, id=13728, stack(0x00000098b2900000,0x00000098b2a00000)]
  0x0000024fe9573000 JavaThread "WorkerExecutor Queue Thread 6" [_thread_blocked, id=6492, stack(0x00000098b2a00000,0x00000098b2b00000)]
  0x0000024ff96f3000 JavaThread "ForkJoinPool-35-worker-3" daemon [_thread_blocked, id=4984, stack(0x00000098b1c00000,0x00000098b1d00000)]
  0x0000024ff96f4800 JavaThread "ForkJoinPool-35-worker-5" daemon [_thread_blocked, id=15376, stack(0x00000098b2700000,0x00000098b2800000)]
  0x0000024ff96f0800 JavaThread "ForkJoinPool-35-worker-7" daemon [_thread_blocked, id=12864, stack(0x00000098b2b00000,0x00000098b2c00000)]
  0x0000024ff96f1000 JavaThread "ForkJoinPool-35-worker-1" daemon [_thread_blocked, id=16040, stack(0x00000098b2c00000,0x00000098b2d00000)]
  0x0000024ff96f2000 JavaThread "C2 CompilerThread1" daemon [_thread_blocked, id=12980, stack(0x00000098b2e00000,0x00000098b2f00000)]

Other Threads:
=>0x0000024fe6504800 VMThread "VM Thread" [stack: 0x00000098aea00000,0x00000098aeb00000] [id=10020]
  0x0000024fe700d800 WatcherThread [stack: 0x00000098af400000,0x00000098af500000] [id=15796]
  0x0000024fccc29800 GCTaskThread "GC Thread#0" [stack: 0x00000098ae500000,0x00000098ae600000] [id=10996]
  0x0000024fe7825800 GCTaskThread "GC Thread#1" [stack: 0x00000098af500000,0x00000098af600000] [id=12328]
  0x0000024fe7833000 GCTaskThread "GC Thread#2" [stack: 0x00000098af600000,0x00000098af700000] [id=16076]
  0x0000024fe6eec000 GCTaskThread "GC Thread#3" [stack: 0x00000098b0100000,0x00000098b0200000] [id=8744]
  0x0000024fccc59000 ConcurrentGCThread "G1 Main Marker" [stack: 0x00000098ae600000,0x00000098ae700000] [id=14608]
  0x0000024fccc5b800 ConcurrentGCThread "G1 Conc#0" [stack: 0x00000098ae700000,0x00000098ae800000] [id=9420]
  0x0000024fcccde800 ConcurrentGCThread "G1 Refine#0" [stack: 0x00000098ae800000,0x00000098ae900000] [id=10876]
  0x0000024feeb69000 ConcurrentGCThread "G1 Refine#1" [stack: 0x00000098b2d00000,0x00000098b2e00000] [id=10656]
  0x0000024fe6354800 ConcurrentGCThread "G1 Young RemSet Sampling" [stack: 0x00000098ae900000,0x00000098aea00000] [id=4432]

Threads with active compile tasks:
C2 CompilerThread017672804 33346       4       com.android.tools.r8.dex.P$$Lambda$1372/0x0000000100e0b040::accept (16 bytes)
C2 CompilerThread117672804 33347       4       com.android.tools.r8.utils.P::a (276 bytes)

VM state:at safepoint (normal execution)

VM Mutex/Monitor currently owned by a thread:  ([mutex/lock_event])
[0x0000024fccc0dfa0] Threads_lock - owner thread: 0x0000024fe6504800
[0x0000024fccc0e5d0] Heap_lock - owner thread: 0x0000024feec8b800

Heap address: 0x0000000080000000, size: 2048 MB, Compressed Oops mode: 32-bit
Narrow klass base: 0x0000000000000000, Narrow klass shift: 3
Compressed class space size: 1073741824 Address: 0x0000000100000000

Heap:
 garbage-first heap   total 703488K, used 252622K [0x0000000080000000, 0x0000000100000000)
  region size 1024K, 3 young (3072K), 3 survivors (3072K)
 Metaspace       used 132511K, capacity 136646K, committed 137392K, reserved 1169408K
  class space    used 16052K, capacity 17529K, committed 17664K, reserved 1048576K
Heap Regions: E=young(eden), S=young(survivor), O=old, HS=humongous(starts), HC=humongous(continues), CS=collection set, F=free, A=archive, TAMS=top-at-mark-start (previous, next)
|   0|0x0000000080000000, 0x00000000800f09e8, 0x0000000080100000| 93%| O|  |TAMS 0x00000000800f09e8, 0x0000000080000000| Untracked 
|   1|0x0000000080100000, 0x00000000801ebd08, 0x0000000080200000| 92%| O|  |TAMS 0x00000000801ebd08, 0x0000000080100000| Untracked 
|   2|0x0000000080200000, 0x00000000802e0590, 0x0000000080300000| 87%| O|  |TAMS 0x00000000802e0590, 0x0000000080200000| Untracked 
|   3|0x0000000080300000, 0x0000000080400000, 0x0000000080400000|100%|HS|  |TAMS 0x0000000080400000, 0x0000000080300000| Complete 
|   4|0x0000000080400000, 0x0000000080500000, 0x0000000080500000|100%|HC|  |TAMS 0x0000000080500000, 0x0000000080400000| Complete 
|   5|0x0000000080500000, 0x0000000080600000, 0x0000000080600000|100%|HC|  |TAMS 0x0000000080600000, 0x0000000080500000| Complete 
|   6|0x0000000080600000, 0x0000000080700000, 0x0000000080700000|100%| O|  |TAMS 0x0000000080700000, 0x0000000080600000| Untracked 
|   7|0x0000000080700000, 0x00000000807ff420, 0x0000000080800000| 99%| O|  |TAMS 0x00000000807ff420, 0x0000000080700000| Untracked 
|   8|0x0000000080800000, 0x00000000808ffff8, 0x0000000080900000| 99%| O|  |TAMS 0x00000000808ffff8, 0x0000000080800000| Untracked 
|   9|0x0000000080900000, 0x00000000809fffe0, 0x0000000080a00000| 99%| O|  |TAMS 0x00000000809fffe0, 0x0000000080900000| Untracked 
|  10|0x0000000080a00000, 0x0000000080affff0, 0x0000000080b00000| 99%| O|  |TAMS 0x0000000080affff0, 0x0000000080a00000| Untracked 
|  11|0x0000000080b00000, 0x0000000080bfb0f0, 0x0000000080c00000| 98%| O|  |TAMS 0x0000000080bfb0f0, 0x0000000080b00000| Untracked 
|  12|0x0000000080c00000, 0x0000000080d00000, 0x0000000080d00000|100%| O|  |TAMS 0x0000000080d00000, 0x0000000080c00000| Untracked 
|  13|0x0000000080d00000, 0x0000000080e00000, 0x0000000080e00000|100%|HS|  |TAMS 0x0000000080e00000, 0x0000000080d00000| Complete 
|  14|0x0000000080e00000, 0x0000000080f00000, 0x0000000080f00000|100%|HC|  |TAMS 0x0000000080f00000, 0x0000000080e00000| Complete 
|  15|0x0000000080f00000, 0x0000000081000000, 0x0000000081000000|100%|HS|  |TAMS 0x0000000081000000, 0x0000000080f00000| Complete 
|  16|0x0000000081000000, 0x0000000081100000, 0x0000000081100000|100%|HC|  |TAMS 0x0000000081100000, 0x0000000081000000| Complete 
|  17|0x0000000081100000, 0x0000000081200000, 0x0000000081200000|100%|HC|  |TAMS 0x0000000081200000, 0x0000000081100000| Complete 
|  18|0x0000000081200000, 0x0000000081300000, 0x0000000081300000|100%|HS|  |TAMS 0x0000000081300000, 0x0000000081200000| Complete 
|  19|0x0000000081300000, 0x0000000081400000, 0x0000000081400000|100%|HC|  |TAMS 0x0000000081400000, 0x0000000081300000| Complete 
|  20|0x0000000081400000, 0x0000000081500000, 0x0000000081500000|100%|HC|  |TAMS 0x0000000081500000, 0x0000000081400000| Complete 
|  21|0x0000000081500000, 0x0000000081600000, 0x0000000081600000|100%|HC|  |TAMS 0x0000000081600000, 0x0000000081500000| Complete 
|  22|0x0000000081600000, 0x00000000816ffff0, 0x0000000081700000| 99%| O|  |TAMS 0x00000000816ffff0, 0x0000000081600000| Untracked 
|  23|0x0000000081700000, 0x00000000817ffff0, 0x0000000081800000| 99%| O|  |TAMS 0x00000000817ffff0, 0x0000000081700000| Untracked 
|  24|0x0000000081800000, 0x00000000818fe5d0, 0x0000000081900000| 99%| O|  |TAMS 0x00000000818fe5d0, 0x0000000081800000| Untracked 
|  25|0x0000000081900000, 0x00000000819ffff8, 0x0000000081a00000| 99%| O|  |TAMS 0x00000000819ffff8, 0x0000000081900000| Untracked 
|  26|0x0000000081a00000, 0x0000000081affff8, 0x0000000081b00000| 99%| O|  |TAMS 0x0000000081affff8, 0x0000000081a00000| Untracked 
|  27|0x0000000081b00000, 0x0000000081c00000, 0x0000000081c00000|100%| O|  |TAMS 0x0000000081c00000, 0x0000000081b00000| Untracked 
|  28|0x0000000081c00000, 0x0000000081cffff8, 0x0000000081d00000| 99%| O|  |TAMS 0x0000000081cffff8, 0x0000000081c00000| Untracked 
|  29|0x0000000081d00000, 0x0000000081dfff78, 0x0000000081e00000| 99%| O|  |TAMS 0x0000000081dfff78, 0x0000000081d00000| Untracked 
|  30|0x0000000081e00000, 0x0000000081efffb8, 0x0000000081f00000| 99%| O|  |TAMS 0x0000000081efffb8, 0x0000000081e00000| Untracked 
|  31|0x0000000081f00000, 0x0000000081ffffd8, 0x0000000082000000| 99%| O|  |TAMS 0x0000000081ffffd8, 0x0000000081f00000| Untracked 
|  32|0x0000000082000000, 0x0000000082100000, 0x0000000082100000|100%|HS|  |TAMS 0x0000000082100000, 0x0000000082000000| Complete 
|  33|0x0000000082100000, 0x0000000082200000, 0x0000000082200000|100%|HC|  |TAMS 0x0000000082200000, 0x0000000082100000| Complete 
|  34|0x0000000082200000, 0x0000000082300000, 0x0000000082300000|100%|HC|  |TAMS 0x0000000082300000, 0x0000000082200000| Complete 
|  35|0x0000000082300000, 0x0000000082400000, 0x0000000082400000|100%|HS|  |TAMS 0x0000000082400000, 0x0000000082300000| Complete 
|  36|0x0000000082400000, 0x0000000082500000, 0x0000000082500000|100%|HC|  |TAMS 0x0000000082500000, 0x0000000082400000| Complete 
|  37|0x0000000082500000, 0x0000000082600000, 0x0000000082600000|100%|HC|  |TAMS 0x0000000082600000, 0x0000000082500000| Complete 
|  38|0x0000000082600000, 0x0000000082700000, 0x0000000082700000|100%|HS|  |TAMS 0x0000000082700000, 0x0000000082600000| Complete 
|  39|0x0000000082700000, 0x0000000082800000, 0x0000000082800000|100%|HC|  |TAMS 0x0000000082800000, 0x0000000082700000| Complete 
|  40|0x0000000082800000, 0x0000000082900000, 0x0000000082900000|100%| O|  |TAMS 0x0000000082900000, 0x0000000082800000| Untracked 
|  41|0x0000000082900000, 0x00000000829ffff0, 0x0000000082a00000| 99%| O|  |TAMS 0x00000000829ffff0, 0x0000000082900000| Complete 
|  42|0x0000000082a00000, 0x0000000082affff8, 0x0000000082b00000| 99%| O|  |TAMS 0x0000000082affff8, 0x0000000082a00000| Complete 
|  43|0x0000000082b00000, 0x0000000082bd4420, 0x0000000082c00000| 82%| O|  |TAMS 0x0000000082bd4420, 0x0000000082b00000| Complete 
|  44|0x0000000082c00000, 0x0000000082cffff0, 0x0000000082d00000| 99%| O|  |TAMS 0x0000000082cffff0, 0x0000000082c00000| Untracked 
|  45|0x0000000082d00000, 0x0000000082dffff8, 0x0000000082e00000| 99%| O|  |TAMS 0x0000000082dffff8, 0x0000000082d00000| Untracked 
|  46|0x0000000082e00000, 0x0000000082ef8ec8, 0x0000000082f00000| 97%| O|  |TAMS 0x0000000082ef8ec8, 0x0000000082e00000| Untracked 
|  47|0x0000000082f00000, 0x0000000082ffff90, 0x0000000083000000| 99%| O|  |TAMS 0x0000000082ffff90, 0x0000000082f00000| Untracked 
|  48|0x0000000083000000, 0x0000000083100000, 0x0000000083100000|100%| O|  |TAMS 0x0000000083100000, 0x0000000083000000| Untracked 
|  49|0x0000000083100000, 0x0000000083200000, 0x0000000083200000|100%| O|  |TAMS 0x0000000083200000, 0x0000000083100000| Complete 
|  50|0x0000000083200000, 0x00000000832ffe40, 0x0000000083300000| 99%| O|  |TAMS 0x00000000832ffe40, 0x0000000083200000| Untracked 
|  51|0x0000000083300000, 0x00000000833ffff0, 0x0000000083400000| 99%| O|  |TAMS 0x00000000833ffff0, 0x0000000083300000| Complete 
|  52|0x0000000083400000, 0x00000000834ffff8, 0x0000000083500000| 99%| O|  |TAMS 0x00000000834ffff8, 0x0000000083400000| Untracked 
|  53|0x0000000083500000, 0x00000000835ffff0, 0x0000000083600000| 99%| O|  |TAMS 0x00000000835ffff0, 0x0000000083500000| Untracked 
|  54|0x0000000083600000, 0x00000000836fffe8, 0x0000000083700000| 99%| O|  |TAMS 0x00000000836fffe8, 0x0000000083600000| Untracked 
|  55|0x0000000083700000, 0x00000000837ffff8, 0x0000000083800000| 99%| O|  |TAMS 0x00000000837ffff8, 0x0000000083700000| Untracked 
|  56|0x0000000083800000, 0x00000000838d8af8, 0x0000000083900000| 84%| O|  |TAMS 0x00000000838d8af8, 0x0000000083800000| Complete 
|  57|0x0000000083900000, 0x0000000083a00000, 0x0000000083a00000|100%| O|  |TAMS 0x0000000083a00000, 0x0000000083900000| Untracked 
|  58|0x0000000083a00000, 0x0000000083afffe8, 0x0000000083b00000| 99%| O|  |TAMS 0x0000000083afffe8, 0x0000000083a00000| Untracked 
|  59|0x0000000083b00000, 0x0000000083bfffd0, 0x0000000083c00000| 99%| O|  |TAMS 0x0000000083bfffd0, 0x0000000083b00000| Untracked 
|  60|0x0000000083c00000, 0x0000000083cffff8, 0x0000000083d00000| 99%| O|  |TAMS 0x0000000083cffff8, 0x0000000083c00000| Untracked 
|  61|0x0000000083d00000, 0x0000000083e00000, 0x0000000083e00000|100%| O|  |TAMS 0x0000000083e00000, 0x0000000083d00000| Untracked 
|  62|0x0000000083e00000, 0x0000000083efffc8, 0x0000000083f00000| 99%| O|  |TAMS 0x0000000083efffc8, 0x0000000083e00000| Untracked 
|  63|0x0000000083f00000, 0x0000000083fe5260, 0x0000000084000000| 89%| O|  |TAMS 0x0000000083fe5260, 0x0000000083f00000| Untracked 
|  64|0x0000000084000000, 0x00000000840ffff8, 0x0000000084100000| 99%| O|  |TAMS 0x00000000840ffff8, 0x0000000084000000| Untracked 
|  65|0x0000000084100000, 0x00000000841f9850, 0x0000000084200000| 97%| O|  |TAMS 0x00000000841f9850, 0x0000000084100000| Untracked 
|  66|0x0000000084200000, 0x00000000842fa168, 0x0000000084300000| 97%| O|  |TAMS 0x00000000842fa168, 0x0000000084200000| Untracked 
|  67|0x0000000084300000, 0x00000000843ffff0, 0x0000000084400000| 99%| O|  |TAMS 0x00000000843ffff0, 0x0000000084300000| Untracked 
|  68|0x0000000084400000, 0x00000000844ffff8, 0x0000000084500000| 99%| O|  |TAMS 0x00000000844ffff8, 0x0000000084400000| Untracked 
|  69|0x0000000084500000, 0x0000000084600000, 0x0000000084600000|100%| O|  |TAMS 0x0000000084600000, 0x0000000084500000| Untracked 
|  70|0x0000000084600000, 0x0000000084700000, 0x0000000084700000|100%| O|  |TAMS 0x0000000084700000, 0x0000000084600000| Untracked 
|  71|0x0000000084700000, 0x00000000847ffff0, 0x0000000084800000| 99%| O|  |TAMS 0x00000000847ffff0, 0x0000000084700000| Untracked 
|  72|0x0000000084800000, 0x00000000848fffe0, 0x0000000084900000| 99%| O|  |TAMS 0x00000000848fffe0, 0x0000000084800000| Untracked 
|  73|0x0000000084900000, 0x00000000849ffff8, 0x0000000084a00000| 99%| O|  |TAMS 0x00000000849ffff8, 0x0000000084900000| Untracked 
|  74|0x0000000084a00000, 0x0000000084b00000, 0x0000000084b00000|100%| O|  |TAMS 0x0000000084b00000, 0x0000000084a00000| Untracked 
|  75|0x0000000084b00000, 0x0000000084c00000, 0x0000000084c00000|100%| O|  |TAMS 0x0000000084c00000, 0x0000000084b00000| Untracked 
|  76|0x0000000084c00000, 0x0000000084d00000, 0x0000000084d00000|100%| O|  |TAMS 0x0000000084d00000, 0x0000000084c00000| Untracked 
|  77|0x0000000084d00000, 0x0000000084e00000, 0x0000000084e00000|100%| O|  |TAMS 0x0000000084e00000, 0x0000000084d00000| Complete 
|  78|0x0000000084e00000, 0x0000000084effff0, 0x0000000084f00000| 99%| O|  |TAMS 0x0000000084effff0, 0x0000000084e00000| Untracked 
|  79|0x0000000084f00000, 0x0000000084ffffe8, 0x0000000085000000| 99%| O|  |TAMS 0x0000000084ffffe8, 0x0000000084f00000| Untracked 
|  80|0x0000000085000000, 0x0000000085100000, 0x0000000085100000|100%| O|  |TAMS 0x0000000085100000, 0x0000000085000000| Untracked 
|  81|0x0000000085100000, 0x00000000851ffff0, 0x0000000085200000| 99%| O|  |TAMS 0x00000000851ffff0, 0x0000000085100000| Untracked 
|  82|0x0000000085200000, 0x00000000852fffc0, 0x0000000085300000| 99%| O|  |TAMS 0x00000000852fffc0, 0x0000000085200000| Untracked 
|  83|0x0000000085300000, 0x0000000085400000, 0x0000000085400000|100%|HS|  |TAMS 0x0000000085400000, 0x0000000085300000| Complete 
|  84|0x0000000085400000, 0x0000000085500000, 0x0000000085500000|100%| O|  |TAMS 0x0000000085500000, 0x0000000085400000| Untracked 
|  85|0x0000000085500000, 0x0000000085600000, 0x0000000085600000|100%| O|  |TAMS 0x0000000085600000, 0x0000000085500000| Untracked 
|  86|0x0000000085600000, 0x0000000085700000, 0x0000000085700000|100%| O|  |TAMS 0x0000000085700000, 0x0000000085600000| Complete 
|  87|0x0000000085700000, 0x0000000085800000, 0x0000000085800000|100%| O|  |TAMS 0x0000000085800000, 0x0000000085700000| Complete 
|  88|0x0000000085800000, 0x0000000085900000, 0x0000000085900000|100%| O|  |TAMS 0x0000000085900000, 0x0000000085800000| Untracked 
|  89|0x0000000085900000, 0x0000000085a00000, 0x0000000085a00000|100%| O|  |TAMS 0x0000000085a00000, 0x0000000085900000| Untracked 
|  90|0x0000000085a00000, 0x0000000085b00000, 0x0000000085b00000|100%| O|  |TAMS 0x0000000085b00000, 0x0000000085a00000| Untracked 
|  91|0x0000000085b00000, 0x0000000085c00000, 0x0000000085c00000|100%| O|  |TAMS 0x0000000085c00000, 0x0000000085b00000| Untracked 
|  92|0x0000000085c00000, 0x0000000085d00000, 0x0000000085d00000|100%| O|  |TAMS 0x0000000085d00000, 0x0000000085c00000| Untracked 
|  93|0x0000000085d00000, 0x0000000085dffff8, 0x0000000085e00000| 99%| O|  |TAMS 0x0000000085dffff8, 0x0000000085d00000| Complete 
|  94|0x0000000085e00000, 0x0000000085f00000, 0x0000000085f00000|100%| O|  |TAMS 0x0000000085f00000, 0x0000000085e00000| Untracked 
|  95|0x0000000085f00000, 0x0000000086000000, 0x0000000086000000|100%| O|  |TAMS 0x0000000086000000, 0x0000000085f00000| Untracked 
|  96|0x0000000086000000, 0x0000000086100000, 0x0000000086100000|100%| O|  |TAMS 0x0000000086100000, 0x0000000086000000| Untracked 
|  97|0x0000000086100000, 0x0000000086200000, 0x0000000086200000|100%| O|  |TAMS 0x0000000086200000, 0x0000000086100000| Complete 
|  98|0x0000000086200000, 0x0000000086300000, 0x0000000086300000|100%| O|  |TAMS 0x0000000086300000, 0x0000000086200000| Untracked 
|  99|0x0000000086300000, 0x0000000086400000, 0x0000000086400000|100%| O|  |TAMS 0x0000000086400000, 0x0000000086300000| Untracked 
| 100|0x0000000086400000, 0x0000000086500000, 0x0000000086500000|100%| O|  |TAMS 0x0000000086500000, 0x0000000086400000| Untracked 
| 101|0x0000000086500000, 0x0000000086600000, 0x0000000086600000|100%|HS|  |TAMS 0x0000000086600000, 0x0000000086500000| Complete 
| 102|0x0000000086600000, 0x0000000086700000, 0x0000000086700000|100%| O|  |TAMS 0x0000000086700000, 0x0000000086600000| Untracked 
| 103|0x0000000086700000, 0x0000000086800000, 0x0000000086800000|100%| O|  |TAMS 0x0000000086800000, 0x0000000086700000| Untracked 
| 104|0x0000000086800000, 0x0000000086900000, 0x0000000086900000|100%| O|  |TAMS 0x0000000086900000, 0x0000000086800000| Complete 
| 105|0x0000000086900000, 0x0000000086a00000, 0x0000000086a00000|100%| O|  |TAMS 0x0000000086a00000, 0x0000000086900000| Complete 
| 106|0x0000000086a00000, 0x0000000086b00000, 0x0000000086b00000|100%| O|  |TAMS 0x0000000086b00000, 0x0000000086a00000| Complete 
| 107|0x0000000086b00000, 0x0000000086c00000, 0x0000000086c00000|100%|HS|  |TAMS 0x0000000086c00000, 0x0000000086b00000| Complete 
| 108|0x0000000086c00000, 0x0000000086d00000, 0x0000000086d00000|100%|HC|  |TAMS 0x0000000086d00000, 0x0000000086c00000| Complete 
| 109|0x0000000086d00000, 0x0000000086e00000, 0x0000000086e00000|100%| O|  |TAMS 0x0000000086e00000, 0x0000000086d00000| Complete 
| 110|0x0000000086e00000, 0x0000000086f00000, 0x0000000086f00000|100%| O|  |TAMS 0x0000000086f00000, 0x0000000086e00000| Complete 
| 111|0x0000000086f00000, 0x0000000086f00000, 0x0000000087000000|  0%| F|  |TAMS 0x0000000086f00000, 0x0000000086f00000| Untracked 
| 112|0x0000000087000000, 0x0000000087100000, 0x0000000087100000|100%|HS|  |TAMS 0x0000000087100000, 0x0000000087000000| Complete 
| 113|0x0000000087100000, 0x0000000087200000, 0x0000000087200000|100%|HC|  |TAMS 0x0000000087200000, 0x0000000087100000| Complete 
| 114|0x0000000087200000, 0x0000000087200000, 0x0000000087300000|  0%| F|  |TAMS 0x0000000087200000, 0x0000000087200000| Untracked 
| 115|0x0000000087300000, 0x0000000087400000, 0x0000000087400000|100%| O|  |TAMS 0x0000000087400000, 0x0000000087300000| Untracked 
| 116|0x0000000087400000, 0x0000000087500000, 0x0000000087500000|100%| O|  |TAMS 0x0000000087500000, 0x0000000087400000| Complete 
| 117|0x0000000087500000, 0x0000000087600000, 0x0000000087600000|100%| O|  |TAMS 0x0000000087600000, 0x0000000087500000| Complete 
| 118|0x0000000087600000, 0x0000000087600000, 0x0000000087700000|  0%| F|  |TAMS 0x0000000087600000, 0x0000000087600000| Untracked 
| 119|0x0000000087700000, 0x0000000087800000, 0x0000000087800000|100%| O|  |TAMS 0x0000000087800000, 0x0000000087700000| Untracked 
| 120|0x0000000087800000, 0x0000000087900000, 0x0000000087900000|100%| O|  |TAMS 0x0000000087900000, 0x0000000087800000| Untracked 
| 121|0x0000000087900000, 0x0000000087900000, 0x0000000087a00000|  0%| F|  |TAMS 0x0000000087900000, 0x0000000087900000| Untracked 
| 122|0x0000000087a00000, 0x0000000087b00000, 0x0000000087b00000|100%| O|  |TAMS 0x0000000087b00000, 0x0000000087a00000| Complete 
| 123|0x0000000087b00000, 0x0000000087c00000, 0x0000000087c00000|100%| O|  |TAMS 0x0000000087c00000, 0x0000000087b00000| Complete 
| 124|0x0000000087c00000, 0x0000000087d00000, 0x0000000087d00000|100%| O|  |TAMS 0x0000000087d00000, 0x0000000087c00000| Complete 
| 125|0x0000000087d00000, 0x0000000087d00000, 0x0000000087e00000|  0%| F|  |TAMS 0x0000000087d00000, 0x0000000087d00000| Untracked 
| 126|0x0000000087e00000, 0x0000000087f00000, 0x0000000087f00000|100%|HS|  |TAMS 0x0000000087f00000, 0x0000000087e00000| Complete 
| 127|0x0000000087f00000, 0x0000000088000000, 0x0000000088000000|100%| O|  |TAMS 0x0000000088000000, 0x0000000087f00000| Complete 
| 128|0x0000000088000000, 0x0000000088000000, 0x0000000088100000|  0%| F|  |TAMS 0x0000000088000000, 0x0000000088000000| Untracked 
| 129|0x0000000088100000, 0x0000000088100000, 0x0000000088200000|  0%| F|  |TAMS 0x0000000088100000, 0x0000000088100000| Untracked 
| 130|0x0000000088200000, 0x0000000088300000, 0x0000000088300000|100%| O|  |TAMS 0x0000000088300000, 0x0000000088200000| Complete 
| 131|0x0000000088300000, 0x0000000088300000, 0x0000000088400000|  0%| F|  |TAMS 0x0000000088300000, 0x0000000088300000| Untracked 
| 132|0x0000000088400000, 0x0000000088500000, 0x0000000088500000|100%| O|  |TAMS 0x0000000088500000, 0x0000000088400000| Complete 
| 133|0x0000000088500000, 0x0000000088600000, 0x0000000088600000|100%|HS|  |TAMS 0x0000000088600000, 0x0000000088500000| Complete 
| 134|0x0000000088600000, 0x0000000088700000, 0x0000000088700000|100%| O|  |TAMS 0x0000000088700000, 0x0000000088600000| Untracked 
| 135|0x0000000088700000, 0x0000000088800000, 0x0000000088800000|100%| O|  |TAMS 0x0000000088800000, 0x0000000088700000| Complete 
| 136|0x0000000088800000, 0x0000000088900000, 0x0000000088900000|100%|HS|  |TAMS 0x0000000088900000, 0x0000000088800000| Complete 
| 137|0x0000000088900000, 0x0000000088a00000, 0x0000000088a00000|100%| O|  |TAMS 0x0000000088a00000, 0x0000000088900000| Untracked 
| 138|0x0000000088a00000, 0x0000000088b00000, 0x0000000088b00000|100%|HS|  |TAMS 0x0000000088b00000, 0x0000000088a00000| Complete 
| 139|0x0000000088b00000, 0x0000000088c00000, 0x0000000088c00000|100%|HC|  |TAMS 0x0000000088c00000, 0x0000000088b00000| Complete 
| 140|0x0000000088c00000, 0x0000000088c00000, 0x0000000088d00000|  0%| F|  |TAMS 0x0000000088c00000, 0x0000000088c00000| Untracked 
| 141|0x0000000088d00000, 0x0000000088d00000, 0x0000000088e00000|  0%| F|  |TAMS 0x0000000088d00000, 0x0000000088d00000| Untracked 
| 142|0x0000000088e00000, 0x0000000088e00000, 0x0000000088f00000|  0%| F|  |TAMS 0x0000000088e00000, 0x0000000088e00000| Untracked 
| 143|0x0000000088f00000, 0x0000000089000000, 0x0000000089000000|100%| O|  |TAMS 0x0000000089000000, 0x0000000088f00000| Untracked 
| 144|0x0000000089000000, 0x0000000089100000, 0x0000000089100000|100%|HS|  |TAMS 0x0000000089100000, 0x0000000089000000| Complete 
| 145|0x0000000089100000, 0x0000000089100000, 0x0000000089200000|  0%| F|  |TAMS 0x0000000089100000, 0x0000000089100000| Untracked 
| 146|0x0000000089200000, 0x0000000089200000, 0x0000000089300000|  0%| F|  |TAMS 0x0000000089200000, 0x0000000089200000| Untracked 
| 147|0x0000000089300000, 0x0000000089400000, 0x0000000089400000|100%|HS|  |TAMS 0x0000000089400000, 0x0000000089300000| Complete 
| 148|0x0000000089400000, 0x0000000089500000, 0x0000000089500000|100%|HC|  |TAMS 0x0000000089500000, 0x0000000089400000| Complete 
| 149|0x0000000089500000, 0x0000000089600000, 0x0000000089600000|100%|HS|  |TAMS 0x0000000089600000, 0x0000000089500000| Complete 
| 150|0x0000000089600000, 0x0000000089700000, 0x0000000089700000|100%|HC|  |TAMS 0x0000000089700000, 0x0000000089600000| Complete 
| 151|0x0000000089700000, 0x0000000089800000, 0x0000000089800000|100%| O|  |TAMS 0x0000000089800000, 0x0000000089700000| Untracked 
| 152|0x0000000089800000, 0x0000000089900000, 0x0000000089900000|100%| O|  |TAMS 0x0000000089800000, 0x0000000089800000| Untracked 
| 153|0x0000000089900000, 0x0000000089a00000, 0x0000000089a00000|100%| O|  |TAMS 0x0000000089900000, 0x0000000089900000| Untracked 
| 154|0x0000000089a00000, 0x0000000089a00000, 0x0000000089b00000|  0%| F|  |TAMS 0x0000000089a00000, 0x0000000089a00000| Untracked 
| 155|0x0000000089b00000, 0x0000000089c00000, 0x0000000089c00000|100%| O|  |TAMS 0x0000000089b00000, 0x0000000089b00000| Untracked 
| 156|0x0000000089c00000, 0x0000000089c00000, 0x0000000089d00000|  0%| F|  |TAMS 0x0000000089c00000, 0x0000000089c00000| Untracked 
| 157|0x0000000089d00000, 0x0000000089e00000, 0x0000000089e00000|100%| O|  |TAMS 0x0000000089d00000, 0x0000000089d00000| Untracked 
| 158|0x0000000089e00000, 0x0000000089f00000, 0x0000000089f00000|100%| O|  |TAMS 0x0000000089e00000, 0x0000000089e00000| Untracked 
| 159|0x0000000089f00000, 0x000000008a000000, 0x000000008a000000|100%| O|  |TAMS 0x0000000089f00000, 0x0000000089f00000| Untracked 
| 160|0x000000008a000000, 0x000000008a000000, 0x000000008a100000|  0%| F|  |TAMS 0x000000008a000000, 0x000000008a000000| Untracked 
| 161|0x000000008a100000, 0x000000008a100000, 0x000000008a200000|  0%| F|  |TAMS 0x000000008a100000, 0x000000008a100000| Untracked 
| 162|0x000000008a200000, 0x000000008a300000, 0x000000008a300000|100%| O|  |TAMS 0x000000008a300000, 0x000000008a200000| Complete 
| 163|0x000000008a300000, 0x000000008a400000, 0x000000008a400000|100%| O|  |TAMS 0x000000008a400000, 0x000000008a300000| Complete 
| 164|0x000000008a400000, 0x000000008a500000, 0x000000008a500000|100%| O|  |TAMS 0x000000008a500000, 0x000000008a400000| Complete 
| 165|0x000000008a500000, 0x000000008a600000, 0x000000008a600000|100%| O|  |TAMS 0x000000008a600000, 0x000000008a500000| Complete 
| 166|0x000000008a600000, 0x000000008a700000, 0x000000008a700000|100%| O|  |TAMS 0x000000008a700000, 0x000000008a600000| Complete 
| 167|0x000000008a700000, 0x000000008a800000, 0x000000008a800000|100%| O|  |TAMS 0x000000008a800000, 0x000000008a700000| Complete 
| 168|0x000000008a800000, 0x000000008a900000, 0x000000008a900000|100%| O|  |TAMS 0x000000008a900000, 0x000000008a800000| Complete 
| 169|0x000000008a900000, 0x000000008aa00000, 0x000000008aa00000|100%| O|  |TAMS 0x000000008aa00000, 0x000000008a900000| Untracked 
| 170|0x000000008aa00000, 0x000000008ab00000, 0x000000008ab00000|100%| O|  |TAMS 0x000000008ab00000, 0x000000008aa00000| Untracked 
| 171|0x000000008ab00000, 0x000000008ac00000, 0x000000008ac00000|100%|HS|  |TAMS 0x000000008ac00000, 0x000000008ab00000| Complete 
| 172|0x000000008ac00000, 0x000000008ad00000, 0x000000008ad00000|100%|HC|  |TAMS 0x000000008ad00000, 0x000000008ac00000| Complete 
| 173|0x000000008ad00000, 0x000000008ae00000, 0x000000008ae00000|100%| O|  |TAMS 0x000000008ae00000, 0x000000008ad00000| Untracked 
| 174|0x000000008ae00000, 0x000000008af00000, 0x000000008af00000|100%| O|  |TAMS 0x000000008af00000, 0x000000008ae00000| Untracked 
| 175|0x000000008af00000, 0x000000008b000000, 0x000000008b000000|100%| O|  |TAMS 0x000000008b000000, 0x000000008af00000| Untracked 
| 176|0x000000008b000000, 0x000000008b100000, 0x000000008b100000|100%| O|  |TAMS 0x000000008b100000, 0x000000008b000000| Untracked 
| 177|0x000000008b100000, 0x000000008b200000, 0x000000008b200000|100%| O|  |TAMS 0x000000008b200000, 0x000000008b100000| Untracked 
| 178|0x000000008b200000, 0x000000008b300000, 0x000000008b300000|100%| O|  |TAMS 0x000000008b300000, 0x000000008b200000| Untracked 
| 179|0x000000008b300000, 0x000000008b400000, 0x000000008b400000|100%| O|  |TAMS 0x000000008b400000, 0x000000008b300000| Untracked 
| 180|0x000000008b400000, 0x000000008b500000, 0x000000008b500000|100%| O|  |TAMS 0x000000008b500000, 0x000000008b400000| Untracked 
| 181|0x000000008b500000, 0x000000008b600000, 0x000000008b600000|100%| O|  |TAMS 0x000000008b600000, 0x000000008b500000| Untracked 
| 182|0x000000008b600000, 0x000000008b700000, 0x000000008b700000|100%| O|  |TAMS 0x000000008b700000, 0x000000008b600000| Complete 
| 183|0x000000008b700000, 0x000000008b800000, 0x000000008b800000|100%| O|  |TAMS 0x000000008b800000, 0x000000008b700000| Untracked 
| 184|0x000000008b800000, 0x000000008b900000, 0x000000008b900000|100%| O|  |TAMS 0x000000008b900000, 0x000000008b800000| Untracked 
| 185|0x000000008b900000, 0x000000008ba00000, 0x000000008ba00000|100%| O|  |TAMS 0x000000008ba00000, 0x000000008b900000| Untracked 
| 186|0x000000008ba00000, 0x000000008bb00000, 0x000000008bb00000|100%| O|  |TAMS 0x000000008bb00000, 0x000000008ba00000| Untracked 
| 187|0x000000008bb00000, 0x000000008bc00000, 0x000000008bc00000|100%| O|  |TAMS 0x000000008bc00000, 0x000000008bb00000| Untracked 
| 188|0x000000008bc00000, 0x000000008bd00000, 0x000000008bd00000|100%| O|  |TAMS 0x000000008bd00000, 0x000000008bc00000| Untracked 
| 189|0x000000008bd00000, 0x000000008be00000, 0x000000008be00000|100%| O|  |TAMS 0x000000008be00000, 0x000000008bd00000| Untracked 
| 190|0x000000008be00000, 0x000000008bf00000, 0x000000008bf00000|100%| O|  |TAMS 0x000000008bf00000, 0x000000008be00000| Complete 
| 191|0x000000008bf00000, 0x000000008c000000, 0x000000008c000000|100%| O|  |TAMS 0x000000008c000000, 0x000000008bf00000| Untracked 
| 192|0x000000008c000000, 0x000000008c100000, 0x000000008c100000|100%| O|  |TAMS 0x000000008c100000, 0x000000008c000000| Complete 
| 193|0x000000008c100000, 0x000000008c200000, 0x000000008c200000|100%| O|  |TAMS 0x000000008c200000, 0x000000008c100000| Untracked 
| 194|0x000000008c200000, 0x000000008c300000, 0x000000008c300000|100%| O|  |TAMS 0x000000008c300000, 0x000000008c200000| Untracked 
| 195|0x000000008c300000, 0x000000008c400000, 0x000000008c400000|100%| O|  |TAMS 0x000000008c400000, 0x000000008c300000| Untracked 
| 196|0x000000008c400000, 0x000000008c500000, 0x000000008c500000|100%| O|  |TAMS 0x000000008c500000, 0x000000008c400000| Untracked 
| 197|0x000000008c500000, 0x000000008c600000, 0x000000008c600000|100%| O|  |TAMS 0x000000008c600000, 0x000000008c500000| Untracked 
| 198|0x000000008c600000, 0x000000008c700000, 0x000000008c700000|100%| O|  |TAMS 0x000000008c700000, 0x000000008c600000| Complete 
| 199|0x000000008c700000, 0x000000008c800000, 0x000000008c800000|100%| O|  |TAMS 0x000000008c800000, 0x000000008c700000| Untracked 
| 200|0x000000008c800000, 0x000000008c900000, 0x000000008c900000|100%| O|  |TAMS 0x000000008c900000, 0x000000008c800000| Untracked 
| 201|0x000000008c900000, 0x000000008ca00000, 0x000000008ca00000|100%| O|  |TAMS 0x000000008ca00000, 0x000000008c900000| Untracked 
| 202|0x000000008ca00000, 0x000000008cb00000, 0x000000008cb00000|100%| O|  |TAMS 0x000000008cb00000, 0x000000008ca00000| Untracked 
| 203|0x000000008cb00000, 0x000000008cc00000, 0x000000008cc00000|100%| O|  |TAMS 0x000000008cc00000, 0x000000008cb00000| Untracked 
| 204|0x000000008cc00000, 0x000000008cd00000, 0x000000008cd00000|100%| O|  |TAMS 0x000000008cd00000, 0x000000008cc00000| Untracked 
| 205|0x000000008cd00000, 0x000000008ce00000, 0x000000008ce00000|100%| O|  |TAMS 0x000000008ce00000, 0x000000008cd00000| Untracked 
| 206|0x000000008ce00000, 0x000000008cf00000, 0x000000008cf00000|100%| O|  |TAMS 0x000000008cf00000, 0x000000008ce00000| Untracked 
| 207|0x000000008cf00000, 0x000000008d000000, 0x000000008d000000|100%| O|  |TAMS 0x000000008d000000, 0x000000008cf00000| Untracked 
| 208|0x000000008d000000, 0x000000008d100000, 0x000000008d100000|100%| O|  |TAMS 0x000000008d100000, 0x000000008d000000| Untracked 
| 209|0x000000008d100000, 0x000000008d200000, 0x000000008d200000|100%| O|  |TAMS 0x000000008d200000, 0x000000008d100000| Untracked 
| 210|0x000000008d200000, 0x000000008d300000, 0x000000008d300000|100%| O|  |TAMS 0x000000008d300000, 0x000000008d200000| Untracked 
| 211|0x000000008d300000, 0x000000008d400000, 0x000000008d400000|100%| O|  |TAMS 0x000000008d400000, 0x000000008d300000| Untracked 
| 212|0x000000008d400000, 0x000000008d500000, 0x000000008d500000|100%| O|  |TAMS 0x000000008d500000, 0x000000008d400000| Untracked 
| 213|0x000000008d500000, 0x000000008d600000, 0x000000008d600000|100%| O|  |TAMS 0x000000008d600000, 0x000000008d500000| Untracked 
| 214|0x000000008d600000, 0x000000008d700000, 0x000000008d700000|100%| O|  |TAMS 0x000000008d700000, 0x000000008d600000| Untracked 
| 215|0x000000008d700000, 0x000000008d800000, 0x000000008d800000|100%| O|  |TAMS 0x000000008d800000, 0x000000008d700000| Untracked 
| 216|0x000000008d800000, 0x000000008d900000, 0x000000008d900000|100%| O|  |TAMS 0x000000008d900000, 0x000000008d800000| Untracked 
| 217|0x000000008d900000, 0x000000008da00000, 0x000000008da00000|100%| O|  |TAMS 0x000000008da00000, 0x000000008d900000| Untracked 
| 218|0x000000008da00000, 0x000000008db00000, 0x000000008db00000|100%| O|  |TAMS 0x000000008db00000, 0x000000008da00000| Complete 
| 219|0x000000008db00000, 0x000000008dc00000, 0x000000008dc00000|100%| O|  |TAMS 0x000000008dc00000, 0x000000008db00000| Complete 
| 220|0x000000008dc00000, 0x000000008dd00000, 0x000000008dd00000|100%| O|  |TAMS 0x000000008dd00000, 0x000000008dc00000| Complete 
| 221|0x000000008dd00000, 0x000000008de00000, 0x000000008de00000|100%| O|  |TAMS 0x000000008de00000, 0x000000008dd00000| Untracked 
| 222|0x000000008de00000, 0x000000008df00000, 0x000000008df00000|100%| O|  |TAMS 0x000000008df00000, 0x000000008de00000| Untracked 
| 223|0x000000008df00000, 0x000000008e000000, 0x000000008e000000|100%| O|  |TAMS 0x000000008e000000, 0x000000008df00000| Untracked 
| 224|0x000000008e000000, 0x000000008e100000, 0x000000008e100000|100%| O|  |TAMS 0x000000008e100000, 0x000000008e000000| Untracked 
| 225|0x000000008e100000, 0x000000008e200000, 0x000000008e200000|100%| O|  |TAMS 0x000000008e200000, 0x000000008e100000| Untracked 
| 226|0x000000008e200000, 0x000000008e300000, 0x000000008e300000|100%| O|  |TAMS 0x000000008e300000, 0x000000008e200000| Untracked 
| 227|0x000000008e300000, 0x000000008e400000, 0x000000008e400000|100%| O|  |TAMS 0x000000008e400000, 0x000000008e300000| Untracked 
| 228|0x000000008e400000, 0x000000008e500000, 0x000000008e500000|100%| O|  |TAMS 0x000000008e500000, 0x000000008e400000| Untracked 
| 229|0x000000008e500000, 0x000000008e600000, 0x000000008e600000|100%| O|  |TAMS 0x000000008e600000, 0x000000008e500000| Untracked 
| 230|0x000000008e600000, 0x000000008e700000, 0x000000008e700000|100%| O|  |TAMS 0x000000008e700000, 0x000000008e600000| Untracked 
| 231|0x000000008e700000, 0x000000008e800000, 0x000000008e800000|100%| O|  |TAMS 0x000000008e800000, 0x000000008e700000| Untracked 
| 232|0x000000008e800000, 0x000000008e900000, 0x000000008e900000|100%| O|  |TAMS 0x000000008e900000, 0x000000008e800000| Untracked 
| 233|0x000000008e900000, 0x000000008ea00000, 0x000000008ea00000|100%| O|  |TAMS 0x000000008ea00000, 0x000000008e900000| Untracked 
| 234|0x000000008ea00000, 0x000000008eb00000, 0x000000008eb00000|100%| O|  |TAMS 0x000000008eb00000, 0x000000008ea00000| Untracked 
| 235|0x000000008eb00000, 0x000000008ec00000, 0x000000008ec00000|100%| O|  |TAMS 0x000000008ec00000, 0x000000008eb00000| Untracked 
| 236|0x000000008ec00000, 0x000000008ed00000, 0x000000008ed00000|100%| O|  |TAMS 0x000000008ed00000, 0x000000008ec00000| Untracked 
| 237|0x000000008ed00000, 0x000000008ee00000, 0x000000008ee00000|100%| O|  |TAMS 0x000000008ee00000, 0x000000008ed00000| Untracked 
| 238|0x000000008ee00000, 0x000000008ef00000, 0x000000008ef00000|100%| O|  |TAMS 0x000000008ef00000, 0x000000008ee00000| Untracked 
| 239|0x000000008ef00000, 0x000000008f000000, 0x000000008f000000|100%| O|  |TAMS 0x000000008f000000, 0x000000008ef00000| Complete 
| 240|0x000000008f000000, 0x000000008f100000, 0x000000008f100000|100%| O|  |TAMS 0x000000008f100000, 0x000000008f000000| Complete 
| 241|0x000000008f100000, 0x000000008f200000, 0x000000008f200000|100%| O|  |TAMS 0x000000008f200000, 0x000000008f100000| Untracked 
| 242|0x000000008f200000, 0x000000008f300000, 0x000000008f300000|100%| O|  |TAMS 0x000000008f300000, 0x000000008f200000| Complete 
| 243|0x000000008f300000, 0x000000008f400000, 0x000000008f400000|100%| O|  |TAMS 0x000000008f380000, 0x000000008f300000| Untracked 
| 244|0x000000008f400000, 0x000000008f500000, 0x000000008f500000|100%| O|  |TAMS 0x000000008f400000, 0x000000008f400000| Untracked 
| 245|0x000000008f500000, 0x000000008f600000, 0x000000008f600000|100%| O|  |TAMS 0x000000008f500000, 0x000000008f500000| Untracked 
| 246|0x000000008f600000, 0x000000008f700000, 0x000000008f700000|100%| O|  |TAMS 0x000000008f600000, 0x000000008f600000| Untracked 
| 247|0x000000008f700000, 0x000000008f800000, 0x000000008f800000|100%| O|  |TAMS 0x000000008f700000, 0x000000008f700000| Untracked 
| 248|0x000000008f800000, 0x000000008f900000, 0x000000008f900000|100%| O|  |TAMS 0x000000008f800000, 0x000000008f800000| Untracked 
| 249|0x000000008f900000, 0x000000008fa00000, 0x000000008fa00000|100%| O|  |TAMS 0x000000008f900000, 0x000000008f900000| Untracked 
| 250|0x000000008fa00000, 0x000000008fb00000, 0x000000008fb00000|100%| O|  |TAMS 0x000000008fa00000, 0x000000008fa00000| Untracked 
| 251|0x000000008fb00000, 0x000000008fc00000, 0x000000008fc00000|100%| O|  |TAMS 0x000000008fb00000, 0x000000008fb00000| Untracked 
| 252|0x000000008fc00000, 0x000000008fd00000, 0x000000008fd00000|100%| O|  |TAMS 0x000000008fc00000, 0x000000008fc00000| Untracked 
| 253|0x000000008fd00000, 0x000000008fe00000, 0x000000008fe00000|100%| O|  |TAMS 0x000000008fd00000, 0x000000008fd00000| Untracked 
| 254|0x000000008fe00000, 0x000000008ff00000, 0x000000008ff00000|100%| O|  |TAMS 0x000000008fe00000, 0x000000008fe00000| Untracked 
| 255|0x000000008ff00000, 0x0000000090000000, 0x0000000090000000|100%| O|  |TAMS 0x000000008ff00000, 0x000000008ff00000| Untracked 
| 256|0x0000000090000000, 0x0000000090100000, 0x0000000090100000|100%| O|  |TAMS 0x0000000090000000, 0x0000000090000000| Untracked 
| 257|0x0000000090100000, 0x0000000090200000, 0x0000000090200000|100%| O|  |TAMS 0x0000000090100000, 0x0000000090100000| Untracked 
| 258|0x0000000090200000, 0x0000000090300000, 0x0000000090300000|100%| O|  |TAMS 0x0000000090200000, 0x0000000090200000| Untracked 
| 259|0x0000000090300000, 0x0000000090400000, 0x0000000090400000|100%| O|  |TAMS 0x0000000090300000, 0x0000000090300000| Untracked 
| 260|0x0000000090400000, 0x0000000090500000, 0x0000000090500000|100%| O|  |TAMS 0x0000000090400000, 0x0000000090400000| Untracked 
| 261|0x0000000090500000, 0x0000000090580000, 0x0000000090600000| 50%| O|  |TAMS 0x0000000090500000, 0x0000000090500000| Untracked 
| 262|0x0000000090600000, 0x0000000090600000, 0x0000000090700000|  0%| F|  |TAMS 0x0000000090600000, 0x0000000090600000| Untracked 
| 263|0x0000000090700000, 0x0000000090700000, 0x0000000090800000|  0%| F|  |TAMS 0x0000000090700000, 0x0000000090700000| Untracked 
| 264|0x0000000090800000, 0x0000000090800000, 0x0000000090900000|  0%| F|  |TAMS 0x0000000090800000, 0x0000000090800000| Untracked 
| 265|0x0000000090900000, 0x0000000090900000, 0x0000000090a00000|  0%| F|  |TAMS 0x0000000090900000, 0x0000000090900000| Untracked 
| 266|0x0000000090a00000, 0x0000000090a00000, 0x0000000090b00000|  0%| F|  |TAMS 0x0000000090a00000, 0x0000000090a00000| Untracked 
| 267|0x0000000090b00000, 0x0000000090b00000, 0x0000000090c00000|  0%| F|  |TAMS 0x0000000090b00000, 0x0000000090b00000| Untracked 
| 268|0x0000000090c00000, 0x0000000090c00000, 0x0000000090d00000|  0%| F|  |TAMS 0x0000000090c00000, 0x0000000090c00000| Untracked 
| 269|0x0000000090d00000, 0x0000000090d00000, 0x0000000090e00000|  0%| F|  |TAMS 0x0000000090d00000, 0x0000000090d00000| Untracked 
| 270|0x0000000090e00000, 0x0000000090e00000, 0x0000000090f00000|  0%| F|  |TAMS 0x0000000090e00000, 0x0000000090e00000| Untracked 
| 271|0x0000000090f00000, 0x0000000090f00000, 0x0000000091000000|  0%| F|  |TAMS 0x0000000090f00000, 0x0000000090f00000| Untracked 
| 272|0x0000000091000000, 0x0000000091000000, 0x0000000091100000|  0%| F|  |TAMS 0x0000000091000000, 0x0000000091000000| Untracked 
| 273|0x0000000091100000, 0x0000000091100000, 0x0000000091200000|  0%| F|  |TAMS 0x0000000091100000, 0x0000000091100000| Untracked 
| 274|0x0000000091200000, 0x0000000091200000, 0x0000000091300000|  0%| F|  |TAMS 0x0000000091200000, 0x0000000091200000| Untracked 
| 275|0x0000000091300000, 0x0000000091300000, 0x0000000091400000|  0%| F|  |TAMS 0x0000000091300000, 0x0000000091300000| Untracked 
| 276|0x0000000091400000, 0x0000000091400000, 0x0000000091500000|  0%| F|  |TAMS 0x0000000091400000, 0x0000000091400000| Untracked 
| 277|0x0000000091500000, 0x0000000091500000, 0x0000000091600000|  0%| F|  |TAMS 0x0000000091500000, 0x0000000091500000| Untracked 
| 278|0x0000000091600000, 0x0000000091600000, 0x0000000091700000|  0%| F|  |TAMS 0x0000000091600000, 0x0000000091600000| Untracked 
| 279|0x0000000091700000, 0x0000000091700000, 0x0000000091800000|  0%| F|  |TAMS 0x0000000091700000, 0x0000000091700000| Untracked 
| 280|0x0000000091800000, 0x0000000091800000, 0x0000000091900000|  0%| F|  |TAMS 0x0000000091800000, 0x0000000091800000| Untracked 
| 281|0x0000000091900000, 0x0000000091900000, 0x0000000091a00000|  0%| F|  |TAMS 0x0000000091900000, 0x0000000091900000| Untracked 
| 282|0x0000000091a00000, 0x0000000091a00000, 0x0000000091b00000|  0%| F|  |TAMS 0x0000000091a00000, 0x0000000091a00000| Untracked 
| 283|0x0000000091b00000, 0x0000000091b00000, 0x0000000091c00000|  0%| F|  |TAMS 0x0000000091b00000, 0x0000000091b00000| Untracked 
| 284|0x0000000091c00000, 0x0000000091c00000, 0x0000000091d00000|  0%| F|  |TAMS 0x0000000091c00000, 0x0000000091c00000| Untracked 
| 285|0x0000000091d00000, 0x0000000091d00000, 0x0000000091e00000|  0%| F|  |TAMS 0x0000000091d00000, 0x0000000091d00000| Untracked 
| 286|0x0000000091e00000, 0x0000000091e00000, 0x0000000091f00000|  0%| F|  |TAMS 0x0000000091e00000, 0x0000000091e00000| Untracked 
| 287|0x0000000091f00000, 0x0000000091f00000, 0x0000000092000000|  0%| F|  |TAMS 0x0000000091f00000, 0x0000000091f00000| Untracked 
| 288|0x0000000092000000, 0x0000000092000000, 0x0000000092100000|  0%| F|  |TAMS 0x0000000092000000, 0x0000000092000000| Untracked 
| 289|0x0000000092100000, 0x0000000092100000, 0x0000000092200000|  0%| F|  |TAMS 0x0000000092100000, 0x0000000092100000| Untracked 
| 290|0x0000000092200000, 0x0000000092200000, 0x0000000092300000|  0%| F|  |TAMS 0x0000000092200000, 0x0000000092200000| Untracked 
| 291|0x0000000092300000, 0x0000000092300000, 0x0000000092400000|  0%| F|  |TAMS 0x0000000092300000, 0x0000000092300000| Untracked 
| 292|0x0000000092400000, 0x0000000092400000, 0x0000000092500000|  0%| F|  |TAMS 0x0000000092400000, 0x0000000092400000| Untracked 
| 293|0x0000000092500000, 0x0000000092500000, 0x0000000092600000|  0%| F|  |TAMS 0x0000000092500000, 0x0000000092500000| Untracked 
| 294|0x0000000092600000, 0x0000000092600000, 0x0000000092700000|  0%| F|  |TAMS 0x0000000092600000, 0x0000000092600000| Untracked 
| 295|0x0000000092700000, 0x0000000092700000, 0x0000000092800000|  0%| F|  |TAMS 0x0000000092700000, 0x0000000092700000| Untracked 
| 296|0x0000000092800000, 0x0000000092800000, 0x0000000092900000|  0%| F|  |TAMS 0x0000000092800000, 0x0000000092800000| Untracked 
| 297|0x0000000092900000, 0x0000000092900000, 0x0000000092a00000|  0%| F|  |TAMS 0x0000000092900000, 0x0000000092900000| Untracked 
| 298|0x0000000092a00000, 0x0000000092a00000, 0x0000000092b00000|  0%| F|  |TAMS 0x0000000092a00000, 0x0000000092a00000| Untracked 
| 299|0x0000000092b00000, 0x0000000092b00000, 0x0000000092c00000|  0%| F|  |TAMS 0x0000000092b00000, 0x0000000092b00000| Untracked 
| 300|0x0000000092c00000, 0x0000000092c00000, 0x0000000092d00000|  0%| F|  |TAMS 0x0000000092c00000, 0x0000000092c00000| Untracked 
| 301|0x0000000092d00000, 0x0000000092d00000, 0x0000000092e00000|  0%| F|  |TAMS 0x0000000092d00000, 0x0000000092d00000| Untracked 
| 302|0x0000000092e00000, 0x0000000092e00000, 0x0000000092f00000|  0%| F|  |TAMS 0x0000000092e00000, 0x0000000092e00000| Untracked 
| 303|0x0000000092f00000, 0x0000000092f00000, 0x0000000093000000|  0%| F|  |TAMS 0x0000000092f00000, 0x0000000092f00000| Untracked 
| 304|0x0000000093000000, 0x0000000093000000, 0x0000000093100000|  0%| F|  |TAMS 0x0000000093000000, 0x0000000093000000| Untracked 
| 305|0x0000000093100000, 0x0000000093100000, 0x0000000093200000|  0%| F|  |TAMS 0x0000000093100000, 0x0000000093100000| Untracked 
| 306|0x0000000093200000, 0x0000000093200000, 0x0000000093300000|  0%| F|  |TAMS 0x0000000093200000, 0x0000000093200000| Untracked 
| 307|0x0000000093300000, 0x0000000093300000, 0x0000000093400000|  0%| F|  |TAMS 0x0000000093300000, 0x0000000093300000| Untracked 
| 308|0x0000000093400000, 0x0000000093400000, 0x0000000093500000|  0%| F|  |TAMS 0x0000000093400000, 0x0000000093400000| Untracked 
| 309|0x0000000093500000, 0x0000000093500000, 0x0000000093600000|  0%| F|  |TAMS 0x0000000093500000, 0x0000000093500000| Untracked 
| 310|0x0000000093600000, 0x0000000093600000, 0x0000000093700000|  0%| F|  |TAMS 0x0000000093600000, 0x0000000093600000| Untracked 
| 311|0x0000000093700000, 0x0000000093700000, 0x0000000093800000|  0%| F|  |TAMS 0x0000000093700000, 0x0000000093700000| Untracked 
| 312|0x0000000093800000, 0x0000000093800000, 0x0000000093900000|  0%| F|  |TAMS 0x0000000093800000, 0x0000000093800000| Untracked 
| 313|0x0000000093900000, 0x0000000093900000, 0x0000000093a00000|  0%| F|  |TAMS 0x0000000093900000, 0x0000000093900000| Untracked 
| 314|0x0000000093a00000, 0x0000000093a00000, 0x0000000093b00000|  0%| F|  |TAMS 0x0000000093a00000, 0x0000000093a00000| Untracked 
| 315|0x0000000093b00000, 0x0000000093b00000, 0x0000000093c00000|  0%| F|  |TAMS 0x0000000093b00000, 0x0000000093b00000| Untracked 
| 316|0x0000000093c00000, 0x0000000093c00000, 0x0000000093d00000|  0%| F|  |TAMS 0x0000000093c00000, 0x0000000093c00000| Untracked 
| 317|0x0000000093d00000, 0x0000000093d00000, 0x0000000093e00000|  0%| F|  |TAMS 0x0000000093d00000, 0x0000000093d00000| Untracked 
| 318|0x0000000093e00000, 0x0000000093e00000, 0x0000000093f00000|  0%| F|  |TAMS 0x0000000093e00000, 0x0000000093e00000| Untracked 
| 319|0x0000000093f00000, 0x0000000093f00000, 0x0000000094000000|  0%| F|  |TAMS 0x0000000093f00000, 0x0000000093f00000| Untracked 
| 320|0x0000000094000000, 0x0000000094000000, 0x0000000094100000|  0%| F|  |TAMS 0x0000000094000000, 0x0000000094000000| Untracked 
| 321|0x0000000094100000, 0x0000000094100000, 0x0000000094200000|  0%| F|  |TAMS 0x0000000094100000, 0x0000000094100000| Untracked 
| 322|0x0000000094200000, 0x0000000094200000, 0x0000000094300000|  0%| F|  |TAMS 0x0000000094200000, 0x0000000094200000| Untracked 
| 323|0x0000000094300000, 0x0000000094300000, 0x0000000094400000|  0%| F|  |TAMS 0x0000000094300000, 0x0000000094300000| Untracked 
| 324|0x0000000094400000, 0x0000000094400000, 0x0000000094500000|  0%| F|  |TAMS 0x0000000094400000, 0x0000000094400000| Untracked 
| 325|0x0000000094500000, 0x0000000094500000, 0x0000000094600000|  0%| F|  |TAMS 0x0000000094500000, 0x0000000094500000| Untracked 
| 326|0x0000000094600000, 0x0000000094600000, 0x0000000094700000|  0%| F|  |TAMS 0x0000000094600000, 0x0000000094600000| Untracked 
| 327|0x0000000094700000, 0x0000000094700000, 0x0000000094800000|  0%| F|  |TAMS 0x0000000094700000, 0x0000000094700000| Untracked 
| 328|0x0000000094800000, 0x0000000094800000, 0x0000000094900000|  0%| F|  |TAMS 0x0000000094800000, 0x0000000094800000| Untracked 
| 329|0x0000000094900000, 0x0000000094900000, 0x0000000094a00000|  0%| F|  |TAMS 0x0000000094900000, 0x0000000094900000| Untracked 
| 330|0x0000000094a00000, 0x0000000094a00000, 0x0000000094b00000|  0%| F|  |TAMS 0x0000000094a00000, 0x0000000094a00000| Untracked 
| 331|0x0000000094b00000, 0x0000000094c00000, 0x0000000094c00000|100%| S|CS|TAMS 0x0000000094b00000, 0x0000000094b00000| Complete 
| 332|0x0000000094c00000, 0x0000000094d00000, 0x0000000094d00000|100%| S|CS|TAMS 0x0000000094c00000, 0x0000000094c00000| Complete 
| 333|0x0000000094d00000, 0x0000000094e00000, 0x0000000094e00000|100%| S|CS|TAMS 0x0000000094d00000, 0x0000000094d00000| Complete 
| 334|0x0000000094e00000, 0x0000000094e00000, 0x0000000094f00000|  0%| F|  |TAMS 0x0000000094e00000, 0x0000000094e00000| Untracked 
| 335|0x0000000094f00000, 0x0000000094f00000, 0x0000000095000000|  0%| F|  |TAMS 0x0000000094f00000, 0x0000000094f00000| Untracked 
| 336|0x0000000095000000, 0x0000000095000000, 0x0000000095100000|  0%| F|  |TAMS 0x0000000095000000, 0x0000000095000000| Untracked 
| 337|0x0000000095100000, 0x0000000095100000, 0x0000000095200000|  0%| F|  |TAMS 0x0000000095100000, 0x0000000095100000| Untracked 
| 338|0x0000000095200000, 0x0000000095200000, 0x0000000095300000|  0%| F|  |TAMS 0x0000000095200000, 0x0000000095200000| Untracked 
| 339|0x0000000095300000, 0x0000000095300000, 0x0000000095400000|  0%| F|  |TAMS 0x0000000095300000, 0x0000000095300000| Untracked 
| 340|0x0000000095400000, 0x0000000095400000, 0x0000000095500000|  0%| F|  |TAMS 0x0000000095400000, 0x0000000095400000| Untracked 
| 341|0x0000000095500000, 0x0000000095500000, 0x0000000095600000|  0%| F|  |TAMS 0x0000000095500000, 0x0000000095500000| Untracked 
| 342|0x0000000095600000, 0x0000000095600000, 0x0000000095700000|  0%| F|  |TAMS 0x0000000095600000, 0x0000000095600000| Untracked 
| 343|0x0000000095700000, 0x0000000095700000, 0x0000000095800000|  0%| F|  |TAMS 0x0000000095700000, 0x0000000095700000| Untracked 
| 344|0x0000000095800000, 0x0000000095800000, 0x0000000095900000|  0%| F|  |TAMS 0x0000000095800000, 0x0000000095800000| Untracked 
| 345|0x0000000095900000, 0x0000000095900000, 0x0000000095a00000|  0%| F|  |TAMS 0x0000000095900000, 0x0000000095900000| Untracked 

Card table byte_map: [0x0000024fdf810000,0x0000024fdfc10000] _byte_map_base: 0x0000024fdf410000

Marking Bits (Prev, Next): (CMBitMap*) 0x0000024fccc503d0, (CMBitMap*) 0x0000024fccc50398
 Prev Bits: [0x0000024fe2010000, 0x0000024fe4010000)
 Next Bits: [0x0000024fe0010000, 0x0000024fe2010000)

Polling page: 0x0000024fca980000

Metaspace:

Usage:
  Non-class:    116.33 MB capacity,   113.73 MB ( 98%) used,     2.13 MB (  2%) free+waste,   471.88 KB ( <1%) overhead. 
      Class:     17.12 MB capacity,    15.68 MB ( 92%) used,     1.24 MB (  7%) free+waste,   206.31 KB (  1%) overhead. 
       Both:    133.44 MB capacity,   129.41 MB ( 97%) used,     3.38 MB (  3%) free+waste,   678.19 KB ( <1%) overhead. 

Virtual space:
  Non-class space:      118.00 MB reserved,     116.92 MB (>99%) committed 
      Class space:        1.00 GB reserved,      17.25 MB (  2%) committed 
             Both:        1.12 GB reserved,     134.17 MB ( 12%) committed 

Chunk freelists:
   Non-Class:  483.00 KB
       Class:  71.00 KB
        Both:  554.00 KB

MaxMetaspaceSize: 17179869184.00 GB
CompressedClassSpaceSize: 1.00 GB

CodeHeap 'non-profiled nmethods': size=120064Kb used=30430Kb max_used=30430Kb free=89633Kb
 bounds [0x0000024fd7ed0000, 0x0000024fd9c90000, 0x0000024fdf410000]
CodeHeap 'profiled nmethods': size=120000Kb used=52993Kb max_used=52993Kb free=67006Kb
 bounds [0x0000024fd09a0000, 0x0000024fd3dc0000, 0x0000024fd7ed0000]
CodeHeap 'non-nmethods': size=5696Kb used=2418Kb max_used=2497Kb free=3277Kb
 bounds [0x0000024fd0410000, 0x0000024fd0690000, 0x0000024fd09a0000]
 total_blobs=26454 nmethods=25406 adapters=955
 compilation: enabled
              stopped_count=0, restarted_count=0
 full_count=0

Compilation events (20 events):
Event: 17663.859 Thread 0x0000024ff96f2000 nmethod 33329 0x0000024fd9c76f10 code [0x0000024fd9c770c0, 0x0000024fd9c77218]
Event: 17663.859 Thread 0x0000024ff96f2000 33340       4       com.android.tools.r8.graph.u::<init> (15 bytes)
Event: 17663.861 Thread 0x0000024ff96f2000 nmethod 33340 0x0000024fd9c77310 code [0x0000024fd9c774a0, 0x0000024fd9c775d8]
Event: 17663.861 Thread 0x0000024ff96f2000 33333       4       com.android.tools.r8.graph.s0::f (13 bytes)
Event: 17663.862 Thread 0x0000024fe6e8b800 nmethod 33298 0x0000024fd9c77690 code [0x0000024fd9c79540, 0x0000024fd9c83640]
Event: 17663.862 Thread 0x0000024ff96f2000 nmethod 33333 0x0000024fd9c8aa10 code [0x0000024fd9c8aba0, 0x0000024fd9c8ac18]
Event: 17663.862 Thread 0x0000024ff96f2000 33334       4       com.android.tools.r8.graph.x::<init> (15 bytes)
Event: 17663.863 Thread 0x0000024fe6e8b800 33339       4       com.android.tools.r8.graph.s0::e (13 bytes)
Event: 17663.863 Thread 0x0000024fe6e8b800 nmethod 33339 0x0000024fd9c8ac90 code [0x0000024fd9c8ae20, 0x0000024fd9c8ae98]
Event: 17663.864 Thread 0x0000024ff96f2000 nmethod 33334 0x0000024fd9c8af10 code [0x0000024fd9c8b0a0, 0x0000024fd9c8b1d8]
Event: 17663.871 Thread 0x0000024fe6e8b800 33342       4       com.android.tools.r8.graph.u::a (47 bytes)
Event: 17663.879 Thread 0x0000024fe6e92000 33343       3       com.android.tools.r8.naming.I$b::a (5 bytes)
Event: 17663.879 Thread 0x0000024fe6e92000 nmethod 33343 0x0000024fd3db4d90 code [0x0000024fd3db4f40, 0x0000024fd3db5078]
Event: 17663.892 Thread 0x0000024fe6e8b800 nmethod 33342 0x0000024fd9c8b290 code [0x0000024fd9c8b480, 0x0000024fd9c8be78]
Event: 17663.899 Thread 0x0000024ff96f2000 33344       4       com.android.tools.r8.utils.H::a (102 bytes)
Event: 17663.909 Thread 0x0000024fe6e92000 33345       3       com.android.tools.r8.utils.P::a (276 bytes)
Event: 17663.910 Thread 0x0000024fe6e8b800 33346       4       com.android.tools.r8.dex.P$$Lambda$1372/0x0000000100e0b040::accept (16 bytes)
Event: 17663.912 Thread 0x0000024fe6e92000 nmethod 33345 0x0000024fd3db5190 code [0x0000024fd3db55a0, 0x0000024fd3db6f18]
Event: 17663.977 Thread 0x0000024ff96f2000 nmethod 33344 0x0000024fd9c8c290 code [0x0000024fd9c8c4a0, 0x0000024fd9c8d5d8]
Event: 17663.977 Thread 0x0000024ff96f2000 33347       4       com.android.tools.r8.utils.P::a (276 bytes)

GC Heap History (20 events):
Event: 17657.842 GC heap after
{Heap after GC invocations=431 (full 1):
 garbage-first heap   total 294912K, used 165426K [0x0000000080000000, 0x0000000100000000)
  region size 1024K, 9 young (9216K), 9 survivors (9216K)
 Metaspace       used 132228K, capacity 136388K, committed 137136K, reserved 1169408K
  class space    used 16033K, capacity 17516K, committed 17664K, reserved 1048576K
}
Event: 17658.207 GC heap before
{Heap before GC invocations=431 (full 1):
 garbage-first heap   total 294912K, used 170546K [0x0000000080000000, 0x0000000100000000)
  region size 1024K, 14 young (14336K), 9 survivors (9216K)
 Metaspace       used 132229K, capacity 136388K, committed 137136K, reserved 1169408K
  class space    used 16033K, capacity 17516K, committed 17664K, reserved 1048576K
}
Event: 17658.250 GC heap after
{Heap after GC invocations=432 (full 1):
 garbage-first heap   total 294912K, used 158695K [0x0000000080000000, 0x0000000100000000)
  region size 1024K, 2 young (2048K), 2 survivors (2048K)
 Metaspace       used 132229K, capacity 136388K, committed 137136K, reserved 1169408K
  class space    used 16033K, capacity 17516K, committed 17664K, reserved 1048576K
}
Event: 17658.557 GC heap before
{Heap before GC invocations=432 (full 1):
 garbage-first heap   total 294912K, used 170983K [0x0000000080000000, 0x0000000100000000)
  region size 1024K, 16 young (16384K), 2 survivors (2048K)
 Metaspace       used 132241K, capacity 136390K, committed 137136K, reserved 1169408K
  class space    used 16033K, capacity 17516K, committed 17664K, reserved 1048576K
}
Event: 17658.566 GC heap after
{Heap after GC invocations=433 (full 1):
 garbage-first heap   total 294912K, used 162151K [0x0000000080000000, 0x0000000100000000)
  region size 1024K, 6 young (6144K), 6 survivors (6144K)
 Metaspace       used 132241K, capacity 136390K, committed 137136K, reserved 1169408K
  class space    used 16033K, capacity 17516K, committed 17664K, reserved 1048576K
}
Event: 17659.850 GC heap before
{Heap before GC invocations=434 (full 1):
 garbage-first heap   total 294912K, used 220519K [0x0000000080000000, 0x0000000100000000)
  region size 1024K, 63 young (64512K), 6 survivors (6144K)
 Metaspace       used 132343K, capacity 136481K, committed 137136K, reserved 1169408K
  class space    used 16042K, capacity 17522K, committed 17664K, reserved 1048576K
}
Event: 17659.860 GC heap after
{Heap after GC invocations=435 (full 1):
 garbage-first heap   total 294912K, used 168763K [0x0000000080000000, 0x0000000100000000)
  region size 1024K, 8 young (8192K), 8 survivors (8192K)
 Metaspace       used 132343K, capacity 136481K, committed 137136K, reserved 1169408K
  class space    used 16042K, capacity 17522K, committed 17664K, reserved 1048576K
}
Event: 17659.895 GC heap before
{Heap before GC invocations=435 (full 1):
 garbage-first heap   total 294912K, used 173883K [0x0000000080000000, 0x0000000100000000)
  region size 1024K, 14 young (14336K), 8 survivors (8192K)
 Metaspace       used 132345K, capacity 136481K, committed 137136K, reserved 1169408K
  class space    used 16042K, capacity 17522K, committed 17664K, reserved 1048576K
}
Event: 17659.906 GC heap after
{Heap after GC invocations=436 (full 1):
 garbage-first heap   total 294912K, used 156644K [0x0000000080000000, 0x0000000100000000)
  region size 1024K, 1 young (1024K), 1 survivors (1024K)
 Metaspace       used 132345K, capacity 136481K, committed 137136K, reserved 1169408K
  class space    used 16042K, capacity 17522K, committed 17664K, reserved 1048576K
}
Event: 17660.224 GC heap before
{Heap before GC invocations=436 (full 1):
 garbage-first heap   total 294912K, used 172004K [0x0000000080000000, 0x0000000100000000)
  region size 1024K, 17 young (17408K), 1 survivors (1024K)
 Metaspace       used 132352K, capacity 136481K, committed 137136K, reserved 1169408K
  class space    used 16042K, capacity 17522K, committed 17664K, reserved 1048576K
}
Event: 17660.231 GC heap after
{Heap after GC invocations=437 (full 1):
 garbage-first heap   total 354304K, used 157662K [0x0000000080000000, 0x0000000100000000)
  region size 1024K, 2 young (2048K), 2 survivors (2048K)
 Metaspace       used 132352K, capacity 136481K, committed 137136K, reserved 1169408K
  class space    used 16042K, capacity 17522K, committed 17664K, reserved 1048576K
}
Event: 17660.915 GC heap before
{Heap before GC invocations=437 (full 1):
 garbage-first heap   total 354304K, used 279518K [0x0000000080000000, 0x0000000100000000)
  region size 1024K, 102 young (104448K), 2 survivors (2048K)
 Metaspace       used 132494K, capacity 136644K, committed 137392K, reserved 1169408K
  class space    used 16052K, capacity 17529K, committed 17664K, reserved 1048576K
}
Event: 17661.000 GC heap after
{Heap after GC invocations=438 (full 1):
 garbage-first heap   total 354304K, used 213868K [0x0000000080000000, 0x0000000100000000)
  region size 1024K, 13 young (13312K), 13 survivors (13312K)
 Metaspace       used 132494K, capacity 136644K, committed 137392K, reserved 1169408K
  class space    used 16052K, capacity 17529K, committed 17664K, reserved 1048576K
}
Event: 17661.394 GC heap before
{Heap before GC invocations=439 (full 1):
 garbage-first heap   total 354304K, used 241516K [0x0000000080000000, 0x0000000100000000)
  region size 1024K, 41 young (41984K), 13 survivors (13312K)
 Metaspace       used 132498K, capacity 136644K, committed 137392K, reserved 1169408K
  class space    used 16052K, capacity 17529K, committed 17664K, reserved 1048576K
}
Event: 17661.504 GC heap after
{Heap after GC invocations=440 (full 1):
 garbage-first heap   total 354304K, used 231118K [0x0000000080000000, 0x0000000100000000)
  region size 1024K, 6 young (6144K), 6 survivors (6144K)
 Metaspace       used 132498K, capacity 136644K, committed 137392K, reserved 1169408K
  class space    used 16052K, capacity 17529K, committed 17664K, reserved 1048576K
}
Event: 17661.901 GC heap before
{Heap before GC invocations=440 (full 1):
 garbage-first heap   total 354304K, used 271054K [0x0000000080000000, 0x0000000100000000)
  region size 1024K, 45 young (46080K), 6 survivors (6144K)
 Metaspace       used 132501K, capacity 136646K, committed 137392K, reserved 1169408K
  class space    used 16052K, capacity 17529K, committed 17664K, reserved 1048576K
}
Event: 17661.969 GC heap after
{Heap after GC invocations=441 (full 1):
 garbage-first heap   total 354304K, used 254670K [0x0000000080000000, 0x0000000100000000)
  region size 1024K, 6 young (6144K), 6 survivors (6144K)
 Metaspace       used 132501K, capacity 136646K, committed 137392K, reserved 1169408K
  class space    used 16052K, capacity 17529K, committed 17664K, reserved 1048576K
}
Event: 17663.525 GC heap before
{Heap before GC invocations=442 (full 1):
 garbage-first heap   total 354304K, used 277198K [0x0000000080000000, 0x0000000100000000)
  region size 1024K, 34 young (34816K), 6 survivors (6144K)
 Metaspace       used 132510K, capacity 136646K, committed 137392K, reserved 1169408K
  class space    used 16052K, capacity 17529K, committed 17664K, reserved 1048576K
}
Event: 17663.590 GC heap after
{Heap after GC invocations=443 (full 1):
 garbage-first heap   total 354304K, used 262862K [0x0000000080000000, 0x0000000100000000)
  region size 1024K, 5 young (5120K), 5 survivors (5120K)
 Metaspace       used 132510K, capacity 136646K, committed 137392K, reserved 1169408K
  class space    used 16052K, capacity 17529K, committed 17664K, reserved 1048576K
}
Event: 17664.039 GC heap before
{Heap before GC invocations=443 (full 1):
 garbage-first heap   total 354304K, used 274126K [0x0000000080000000, 0x0000000100000000)
  region size 1024K, 17 young (17408K), 5 survivors (5120K)
 Metaspace       used 132511K, capacity 136646K, committed 137392K, reserved 1169408K
  class space    used 16052K, capacity 17529K, committed 17664K, reserved 1048576K
}

Deoptimization events (20 events):
Event: 17662.740 Thread 0x0000024ff96f1000 DEOPT PACKING pc=0x0000024fd3bfbc8f sp=0x00000098b2cfe8c0
Event: 17662.740 Thread 0x0000024ff96f1000 DEOPT UNPACKING pc=0x0000024fd043724e sp=0x00000098b2cfde88 mode 0
Event: 17662.751 Thread 0x0000024ff96f1000 DEOPT PACKING pc=0x0000024fd3bfbc8f sp=0x00000098b2cfe8c0
Event: 17662.751 Thread 0x0000024ff96f1000 DEOPT UNPACKING pc=0x0000024fd043724e sp=0x00000098b2cfde88 mode 0
Event: 17662.761 Thread 0x0000024ff96f3000 DEOPT PACKING pc=0x0000024fd3bfbc8f sp=0x00000098b1cfe680
Event: 17662.761 Thread 0x0000024ff96f3000 DEOPT UNPACKING pc=0x0000024fd043724e sp=0x00000098b1cfdc48 mode 0
Event: 17662.878 Thread 0x0000024ff96f1000 DEOPT PACKING pc=0x0000024fd3bfbc8f sp=0x00000098b2cfe8c0
Event: 17662.878 Thread 0x0000024ff96f1000 DEOPT UNPACKING pc=0x0000024fd043724e sp=0x00000098b2cfde88 mode 0
Event: 17662.913 Thread 0x0000024feec8b800 DEOPT PACKING pc=0x0000024fd28bd56c sp=0x00000098b15fddc0
Event: 17662.913 Thread 0x0000024feec8b800 DEOPT UNPACKING pc=0x0000024fd043724e sp=0x00000098b15fd350 mode 0
Event: 17662.969 Thread 0x0000024ff96f3000 DEOPT PACKING pc=0x0000024fd1ef5333 sp=0x00000098b1cfe940
Event: 17662.969 Thread 0x0000024ff96f3000 DEOPT UNPACKING pc=0x0000024fd043724e sp=0x00000098b1cfdf08 mode 0
Event: 17663.091 Thread 0x0000024ff96f4800 DEOPT PACKING pc=0x0000024fd1b6d063 sp=0x00000098b27fed20
Event: 17663.091 Thread 0x0000024ff96f4800 DEOPT UNPACKING pc=0x0000024fd043724e sp=0x00000098b27fe258 mode 0
Event: 17663.121 Thread 0x0000024ff96f1000 DEOPT PACKING pc=0x0000024fd1b0d515 sp=0x00000098b2cfefe0
Event: 17663.121 Thread 0x0000024ff96f1000 DEOPT UNPACKING pc=0x0000024fd043724e sp=0x00000098b2cfe478 mode 0
Event: 17663.678 Thread 0x0000024feec8b800 DEOPT PACKING pc=0x0000024fd205cf56 sp=0x00000098b15fde70
Event: 17663.678 Thread 0x0000024feec8b800 DEOPT UNPACKING pc=0x0000024fd043724e sp=0x00000098b15fd3d0 mode 0
Event: 17663.899 Thread 0x0000024feec8b800 DEOPT PACKING pc=0x0000024fd1bd0b2f sp=0x00000098b15fdb90
Event: 17663.899 Thread 0x0000024feec8b800 DEOPT UNPACKING pc=0x0000024fd043724e sp=0x00000098b15fd100 mode 0

Classes redefined (0 events):
No events

Internal exceptions (20 events):
Event: 17650.238 Thread 0x0000024fe9570800 Exception <a 'sun/nio/fs/WindowsException'{0x000000008c2d2000}> (0x000000008c2d2000) thrown at [./src/hotspot/share/prims/jni.cpp, line 615]
Event: 17650.323 Thread 0x0000024feec8b800 Exception <a 'sun/nio/fs/WindowsException'{0x000000008dd2ed78}> (0x000000008dd2ed78) thrown at [./src/hotspot/share/prims/jni.cpp, line 615]
Event: 17650.325 Thread 0x0000024fe9570800 Exception <a 'sun/nio/fs/WindowsException'{0x000000008af81690}> (0x000000008af81690) thrown at [./src/hotspot/share/prims/jni.cpp, line 615]
Event: 17650.400 Thread 0x0000024fe9570800 Exception <a 'sun/nio/fs/WindowsException'{0x000000008af8d9e8}> (0x000000008af8d9e8) thrown at [./src/hotspot/share/prims/jni.cpp, line 615]
Event: 17650.470 Thread 0x0000024feec8b800 Exception <a 'sun/nio/fs/WindowsException'{0x000000008df77530}> (0x000000008df77530) thrown at [./src/hotspot/share/prims/jni.cpp, line 615]
Event: 17650.536 Thread 0x0000024fe9570800 Exception <a 'sun/nio/fs/WindowsException'{0x000000008dbbdfa0}> (0x000000008dbbdfa0) thrown at [./src/hotspot/share/prims/jni.cpp, line 615]
Event: 17650.636 Thread 0x0000024fe9570800 Exception <a 'sun/nio/fs/WindowsException'{0x000000008df07688}> (0x000000008df07688) thrown at [./src/hotspot/share/prims/jni.cpp, line 615]
Event: 17650.639 Thread 0x0000024fe9570800 Exception <a 'sun/nio/fs/WindowsException'{0x000000008df0e558}> (0x000000008df0e558) thrown at [./src/hotspot/share/prims/jni.cpp, line 615]
Event: 17650.687 Thread 0x0000024feec8b800 Exception <a 'sun/nio/fs/WindowsException'{0x000000008df1c790}> (0x000000008df1c790) thrown at [./src/hotspot/share/prims/jni.cpp, line 615]
Event: 17650.687 Thread 0x0000024fe9570800 Exception <a 'sun/nio/fs/WindowsException'{0x000000008d6cfca0}> (0x000000008d6cfca0) thrown at [./src/hotspot/share/prims/jni.cpp, line 615]
Event: 17650.810 Thread 0x0000024fe9570800 Exception <a 'sun/nio/fs/WindowsException'{0x000000008d6d68c8}> (0x000000008d6d68c8) thrown at [./src/hotspot/share/prims/jni.cpp, line 615]
Event: 17650.813 Thread 0x0000024fe9570800 Exception <a 'sun/nio/fs/WindowsException'{0x000000008cb4cdf0}> (0x000000008cb4cdf0) thrown at [./src/hotspot/share/prims/jni.cpp, line 615]
Event: 17650.816 Thread 0x0000024fe9570800 Exception <a 'sun/nio/fs/WindowsException'{0x000000008cbf2e18}> (0x000000008cbf2e18) thrown at [./src/hotspot/share/prims/jni.cpp, line 615]
Event: 17654.469 Thread 0x0000024fed8f5000 Exception <a 'java/lang/NoSuchMethodError'{0x000000008f1a54c8}: <clinit>> (0x000000008f1a54c8) thrown at [./src/hotspot/share/prims/jni.cpp, line 1362]
Event: 17655.042 Thread 0x0000024fe9570800 Exception <a 'sun/nio/fs/WindowsException'{0x000000008e2a9558}> (0x000000008e2a9558) thrown at [./src/hotspot/share/prims/jni.cpp, line 615]
Event: 17655.317 Thread 0x0000024feec94000 Implicit null exception at 0x0000024fd9245da4 to 0x0000024fd9246afc
Event: 17656.032 Thread 0x0000024feec90800 Exception <a 'sun/nio/fs/WindowsException'{0x0000000091456428}> (0x0000000091456428) thrown at [./src/hotspot/share/prims/jni.cpp, line 615]
Event: 17656.212 Thread 0x0000024ff96f4800 Exception <a 'sun/nio/fs/WindowsException'{0x0000000090610508}> (0x0000000090610508) thrown at [./src/hotspot/share/prims/jni.cpp, line 615]
Event: 17660.222 Thread 0x0000024feec8b800 Exception <a 'sun/nio/fs/WindowsException'{0x0000000091db0160}> (0x0000000091db0160) thrown at [./src/hotspot/share/prims/jni.cpp, line 615]
Event: 17661.385 Thread 0x0000024feec8b000 Exception <a 'java/io/FileNotFoundException'{0x0000000093e343e0}> (0x0000000093e343e0) thrown at [./src/hotspot/share/prims/jni.cpp, line 615]

Events (20 events):
Event: 17661.504 Executing VM operation: G1CollectForAllocation done
Event: 17661.899 Executing VM operation: G1CollectForAllocation
Event: 17661.969 Executing VM operation: G1CollectForAllocation done
Event: 17662.836 Executing VM operation: CGC_Operation
Event: 17662.868 Executing VM operation: CGC_Operation done
Event: 17662.981 Executing VM operation: RevokeBias
Event: 17663.019 Executing coalesced safepoint VM operation: RevokeBias
Event: 17663.019 Executing coalesced safepoint VM operation: RevokeBias done
Event: 17663.019 Executing coalesced safepoint VM operation: RevokeBias
Event: 17663.019 Executing coalesced safepoint VM operation: RevokeBias done
Event: 17663.019 Executing VM operation: RevokeBias done
Event: 17663.101 Executing VM operation: RevokeBias
Event: 17663.204 Executing VM operation: RevokeBias done
Event: 17663.501 Executing VM operation: CGC_Operation
Event: 17663.508 Executing VM operation: CGC_Operation done
Event: 17663.525 Executing VM operation: G1CollectForAllocation
Event: 17663.590 Executing VM operation: G1CollectForAllocation done
Event: 17663.678 Executing VM operation: RevokeBias
Event: 17663.678 Executing VM operation: RevokeBias done
Event: 17664.023 Executing VM operation: G1CollectForAllocation


Dynamic libraries:
0x00007ff7941c0000 - 0x00007ff7941ca000 	C:\Users\user\AppData\Local\JetBrains\Toolbox\apps\AndroidStudio\ch-0\202.6863838\jre\bin\java.exe
0x00007ffc0d8a0000 - 0x00007ffc0da90000 	C:\WINDOWS\SYSTEM32\ntdll.dll
0x00007ffbf14d0000 - 0x00007ffbf14e2000 	C:\Program Files\AVAST Software\Avast\aswhook.dll
0x00007ffc0b9b0000 - 0x00007ffc0ba62000 	C:\WINDOWS\System32\KERNEL32.DLL
0x00007ffc0abc0000 - 0x00007ffc0ae65000 	C:\WINDOWS\System32\KERNELBASE.dll
0x00007ffc0a890000 - 0x00007ffc0a98a000 	C:\WINDOWS\System32\ucrtbase.dll
0x00007ffbfa8d0000 - 0x00007ffbfa8e9000 	C:\Users\user\AppData\Local\JetBrains\Toolbox\apps\AndroidStudio\ch-0\202.6863838\jre\bin\jli.dll
0x00007ffc0d500000 - 0x00007ffc0d694000 	C:\WINDOWS\System32\USER32.dll
0x00007ffc0b6c0000 - 0x00007ffc0b6e1000 	C:\WINDOWS\System32\win32u.dll
0x00007ffc0c6c0000 - 0x00007ffc0c6e6000 	C:\WINDOWS\System32\GDI32.dll
0x00007ffc0b810000 - 0x00007ffc0b9a6000 	C:\WINDOWS\System32\gdi32full.dll
0x00007ffc0b6f0000 - 0x00007ffc0b78e000 	C:\WINDOWS\System32\msvcp_win.dll
0x00007ffbf8b60000 - 0x00007ffbf8b77000 	C:\Users\user\AppData\Local\JetBrains\Toolbox\apps\AndroidStudio\ch-0\202.6863838\jre\bin\VCRUNTIME140.dll
0x00007ffbf1000000 - 0x00007ffbf1284000 	C:\WINDOWS\WinSxS\amd64_microsoft.windows.common-controls_6595b64144ccf1df_6.0.18362.1139_none_9e7bf2d3e4605ac6\COMCTL32.dll
0x00007ffc0bd30000 - 0x00007ffc0bdce000 	C:\WINDOWS\System32\msvcrt.dll
0x00007ffc0be90000 - 0x00007ffc0c1c5000 	C:\WINDOWS\System32\combase.dll
0x00007ffc0d1f0000 - 0x00007ffc0d310000 	C:\WINDOWS\System32\RPCRT4.dll
0x00007ffc0b790000 - 0x00007ffc0b810000 	C:\WINDOWS\System32\bcryptPrimitives.dll
0x00007ffc0bdd0000 - 0x00007ffc0bdfe000 	C:\WINDOWS\System32\IMM32.DLL
0x00007ffbcc640000 - 0x00007ffbcc6dd000 	C:\Users\user\AppData\Local\JetBrains\Toolbox\apps\AndroidStudio\ch-0\202.6863838\jre\bin\msvcp140.dll
0x00007ffbcd930000 - 0x00007ffbce3ec000 	C:\Users\user\AppData\Local\JetBrains\Toolbox\apps\AndroidStudio\ch-0\202.6863838\jre\bin\server\jvm.dll
0x00007ffc0d120000 - 0x00007ffc0d1c3000 	C:\WINDOWS\System32\ADVAPI32.dll
0x00007ffc0d320000 - 0x00007ffc0d3b7000 	C:\WINDOWS\System32\sechost.dll
0x00007ffc0c6f0000 - 0x00007ffc0c6f8000 	C:\WINDOWS\System32\PSAPI.DLL
0x00007ffbf9760000 - 0x00007ffbf9769000 	C:\WINDOWS\SYSTEM32\WSOCK32.dll
0x00007ffc0be00000 - 0x00007ffc0be6f000 	C:\WINDOWS\System32\WS2_32.dll
0x00007ffc07450000 - 0x00007ffc07474000 	C:\WINDOWS\SYSTEM32\WINMM.dll
0x00007ffc097c0000 - 0x00007ffc097ca000 	C:\WINDOWS\SYSTEM32\VERSION.dll
0x00007ffc07420000 - 0x00007ffc0744d000 	C:\WINDOWS\SYSTEM32\WINMMBASE.dll
0x00007ffc0ae70000 - 0x00007ffc0aeba000 	C:\WINDOWS\System32\cfgmgr32.dll
0x00007ffc0a7f0000 - 0x00007ffc0a801000 	C:\WINDOWS\System32\kernel.appcore.dll
0x00007ffbf8980000 - 0x00007ffbf8991000 	C:\Users\user\AppData\Local\JetBrains\Toolbox\apps\AndroidStudio\ch-0\202.6863838\jre\bin\verify.dll
0x00007ffc04940000 - 0x00007ffc04b34000 	C:\WINDOWS\SYSTEM32\DBGHELP.DLL
0x00007ffc042b0000 - 0x00007ffc042da000 	C:\WINDOWS\SYSTEM32\dbgcore.DLL
0x00007ffbf5f00000 - 0x00007ffbf5f29000 	C:\Users\user\AppData\Local\JetBrains\Toolbox\apps\AndroidStudio\ch-0\202.6863838\jre\bin\java.dll
0x00007ffbf9d50000 - 0x00007ffbf9d5b000 	C:\Users\user\AppData\Local\JetBrains\Toolbox\apps\AndroidStudio\ch-0\202.6863838\jre\bin\jimage.dll
0x00007ffbf44a0000 - 0x00007ffbf44b8000 	C:\Users\user\AppData\Local\JetBrains\Toolbox\apps\AndroidStudio\ch-0\202.6863838\jre\bin\zip.dll
0x00007ffc0c7b0000 - 0x00007ffc0ce97000 	C:\WINDOWS\System32\SHELL32.dll
0x00007ffc0bba0000 - 0x00007ffc0bc49000 	C:\WINDOWS\System32\shcore.dll
0x00007ffc0af20000 - 0x00007ffc0b6a0000 	C:\WINDOWS\System32\windows.storage.dll
0x00007ffc0a860000 - 0x00007ffc0a883000 	C:\WINDOWS\System32\profapi.dll
0x00007ffc0a810000 - 0x00007ffc0a85a000 	C:\WINDOWS\System32\powrprof.dll
0x00007ffc0a7c0000 - 0x00007ffc0a7d0000 	C:\WINDOWS\System32\UMPDC.dll
0x00007ffc0d6a0000 - 0x00007ffc0d6f2000 	C:\WINDOWS\System32\shlwapi.dll
0x00007ffc0b6a0000 - 0x00007ffc0b6b7000 	C:\WINDOWS\System32\cryptsp.dll
0x00007ffbfbe70000 - 0x00007ffbfbe8a000 	C:\Users\user\AppData\Local\JetBrains\Toolbox\apps\AndroidStudio\ch-0\202.6863838\jre\bin\net.dll
0x00007ffc00850000 - 0x00007ffc00940000 	C:\WINDOWS\SYSTEM32\WINHTTP.dll
0x00007ffc0a010000 - 0x00007ffc0a077000 	C:\WINDOWS\system32\mswsock.dll
0x00007ffbfbc10000 - 0x00007ffbfbc24000 	C:\Users\user\AppData\Local\JetBrains\Toolbox\apps\AndroidStudio\ch-0\202.6863838\jre\bin\nio.dll
0x00007ffbe3ef0000 - 0x00007ffbe3f16000 	C:\Users\user\.gradle\native\31\windows-amd64\native-platform.dll
0x00007ffc01640000 - 0x00007ffc0164a000 	C:\Users\user\AppData\Local\JetBrains\Toolbox\apps\AndroidStudio\ch-0\202.6863838\jre\bin\management.dll
0x00007ffbfbe60000 - 0x00007ffbfbe6c000 	C:\Users\user\AppData\Local\JetBrains\Toolbox\apps\AndroidStudio\ch-0\202.6863838\jre\bin\management_ext.dll
0x00007ffc09b80000 - 0x00007ffc09bb3000 	C:\WINDOWS\system32\rsaenh.dll
0x00007ffc0a990000 - 0x00007ffc0a9b6000 	C:\WINDOWS\System32\bcrypt.dll
0x00007ffc0a6e0000 - 0x00007ffc0a705000 	C:\WINDOWS\SYSTEM32\USERENV.dll
0x00007ffc0a1e0000 - 0x00007ffc0a1ec000 	C:\WINDOWS\SYSTEM32\CRYPTBASE.dll
0x00007ffc09d20000 - 0x00007ffc09d5a000 	C:\WINDOWS\SYSTEM32\IPHLPAPI.DLL
0x00007ffc0bd20000 - 0x00007ffc0bd28000 	C:\WINDOWS\System32\NSI.dll
0x00007ffc019c0000 - 0x00007ffc019d6000 	C:\WINDOWS\SYSTEM32\dhcpcsvc6.DLL
0x00007ffc03ce0000 - 0x00007ffc03cfc000 	C:\WINDOWS\SYSTEM32\dhcpcsvc.DLL
0x00007ffc09dc0000 - 0x00007ffc09e8b000 	C:\WINDOWS\SYSTEM32\DNSAPI.dll
0x00007ffbfc7b0000 - 0x00007ffbfc7ce000 	C:\Users\user\AppData\Local\Temp\native-platform6205488904794355170dir\native-platform.dll
0x00007ffbfc810000 - 0x00007ffbfc818000 	C:\Users\user\AppData\Local\JetBrains\Toolbox\apps\AndroidStudio\ch-0\202.6863838\jre\bin\rmi.dll
0x00007ffbe8c30000 - 0x00007ffbe8c57000 	C:\Users\user\AppData\Local\JetBrains\Toolbox\apps\AndroidStudio\ch-0\202.6863838\jre\bin\sunec.dll
0x00007ffc03b10000 - 0x00007ffc03b1a000 	C:\Windows\System32\rasadhlp.dll
0x00007ffc00960000 - 0x00007ffc009d7000 	C:\WINDOWS\System32\fwpuclnt.dll
0x00007ffc096c0000 - 0x00007ffc096f1000 	C:\WINDOWS\SYSTEM32\ntmarta.dll

dbghelp: loaded successfully - version: 4.0.5 - missing functions: none
symbol engine: initialized successfully - sym options: 0x614 - pdb path: .;C:\Users\user\AppData\Local\JetBrains\Toolbox\apps\AndroidStudio\ch-0\202.6863838\jre\bin;C:\WINDOWS\SYSTEM32;C:\Program Files\AVAST Software\Avast;C:\WINDOWS\WinSxS\amd64_microsoft.windows.common-controls_6595b64144ccf1df_6.0.18362.1139_none_9e7bf2d3e4605ac6;C:\Users\user\AppData\Local\JetBrains\Toolbox\apps\AndroidStudio\ch-0\202.6863838\jre\bin\server;C:\Users\user\.gradle\native\31\windows-amd64;C:\Users\user\AppData\Local\Temp\native-platform6205488904794355170dir

VM Arguments:
jvm_args: --add-opens=java.base/java.util=ALL-UNNAMED --add-opens=java.base/java.lang=ALL-UNNAMED --add-opens=java.base/java.lang.invoke=ALL-UNNAMED --add-opens=java.prefs/java.util.prefs=ALL-UNNAMED -Xmx2048m -Dfile.encoding=windows-1252 -Duser.country=US -Duser.language=en -Duser.variant 
java_command: org.gradle.launcher.daemon.bootstrap.GradleDaemon 6.1.1
java_class_path (initial): C:\Users\user\.gradle\wrapper\dists\gradle-6.1.1-all\cfmwm155h49vnt3hynmlrsdst\gradle-6.1.1\lib\gradle-launcher-6.1.1.jar
Launcher Type: SUN_STANDARD

[Global flags]
     intx CICompilerCount                          = 3                                         {product} {ergonomic}
     uint ConcGCThreads                            = 1                                         {product} {ergonomic}
     uint G1ConcRefinementThreads                  = 4                                         {product} {ergonomic}
   size_t G1HeapRegionSize                         = 1048576                                   {product} {ergonomic}
    uintx GCDrainStackTargetSize                   = 64                                        {product} {ergonomic}
   size_t InitialHeapSize                          = 134217728                                 {product} {ergonomic}
   size_t MarkStackSize                            = 4194304                                   {product} {ergonomic}
   size_t MaxHeapSize                              = 2147483648                                {product} {command line}
   size_t MaxNewSize                               = 1287651328                                {product} {ergonomic}
   size_t MinHeapDeltaBytes                        = 1048576                                   {product} {ergonomic}
    uintx NonNMethodCodeHeapSize                   = 5830732                                {pd product} {ergonomic}
    uintx NonProfiledCodeHeapSize                  = 122913754                              {pd product} {ergonomic}
    uintx ProfiledCodeHeapSize                     = 122913754                              {pd product} {ergonomic}
    uintx ReservedCodeCacheSize                    = 251658240                              {pd product} {ergonomic}
     bool SegmentedCodeCache                       = true                                      {product} {ergonomic}
     bool UseCompressedClassPointers               = true                                 {lp64_product} {ergonomic}
     bool UseCompressedOops                        = true                                 {lp64_product} {ergonomic}
     bool UseG1GC                                  = true                                      {product} {ergonomic}
     bool UseLargePagesIndividualAllocation        = false                                  {pd product} {ergonomic}

Logging:
Log output configuration:
 #0: stdout all=warning uptime,level,tags
 #1: stderr all=off uptime,level,tags

Environment Variables:
PATH=C:\Program Files (x86)\NVIDIA Corporation\PhysX\Common;C:\Program Files (x86)\Common Files\Oracle\Java\javapath;C:\WINDOWS\system32;C:\WINDOWS;C:\WINDOWS\System32\Wbem;C:\WINDOWS\System32\WindowsPowerShell\v1.0\;C:\Program Files\Git\cmd;C:\Program Files (x86)\Intel\OpenCL SDK\2.0\bin\x86;C:\Program Files (x86)\Intel\OpenCL SDK\2.0\bin\x64;C:\WINDOWS\System32\OpenSSH\;C:\Program Files\Dart\dart-sdk\bin;C:\Program Files\nodejs\;C:\Users\user\AppData\Local\Microsoft\WindowsApps;;C:\Users\user\AppData\Local\Programs\Microsoft VS Code\bin;C:\Users\user\AppData\Roaming\npm
USERNAME=Noel
OS=Windows_NT
PROCESSOR_IDENTIFIER=Intel64 Family 6 Model 42 Stepping 7, GenuineIntel



---------------  S Y S T E M  ---------------

OS: Windows 10 , 64 bit Build 18362 (10.0.18362.1110)
OS uptime: 3 days 5:04 hours

CPU:total 4 (initial active 4) (2 cores per cpu, 2 threads per core) family 6 model 42 stepping 7, cmov, cx8, fxsr, mmx, sse, sse2, sse3, ssse3, sse4.1, sse4.2, popcnt, avx, aes, clmul, ht, tsc, tscinvbit

Memory: 4k page, system-wide physical 8102M (384M free)
TotalPageFile size 10010M (AvailPageFile size 388M)
current process WorkingSet (physical memory assigned to process): 734M, peak: 737M
current process commit charge ("private bytes"): 803M, peak: 1144M

vm_info: OpenJDK 64-Bit Server VM (11.0.8+10-b944.6842174) for windows-amd64 JRE (11.0.8+10-b944.6842174), built on Sep 19 2020 01:11:42 by "builder" with MS VC++ 14.0 (VS2015)

END.
